<?xml version="1.0" encoding="UTF-8"?>
<testsuite xmlns:xsi="http://www.w3.org/2001/XMLSchema-instance" xsi:noNamespaceSchemaLocation="https://maven.apache.org/surefire/maven-surefire-plugin/xsd/surefire-test-report.xsd" version="3.0.2" name="org.example.springsecurityapp.SpringSecurityAppApplicationTests" time="14.536" tests="1" errors="0" skipped="0" failures="0">
  <properties>
[...]
</properties>
  <testcase name="contextLoads" classname="org.example.springsecurityapp.SpringSecurityAppApplicationTests" time="1.035">
    <system-out><![CDATA[20:53:17.851 [main] INFO org.springframework.test.context.support.AnnotationConfigContextLoaderUtils -- Could not detect default configuration classes for test class [org.example.springsecurityapp.SpringSecurityAppApplicationTests]: SpringSecurityAppApplicationTests does not declare any static, non-private, non-final, nested classes annotated with @Configuration.
20:53:18.081 [main] INFO org.springframework.boot.test.context.SpringBootTestContextBootstrapper -- Found @SpringBootConfiguration org.example.springsecurityapp.SpringSecurityAppApplication for test class org.example.springsecurityapp.SpringSecurityAppApplicationTests

  .   ____          _            __ _ _
 /\\ / ___'_ __ _ _(_)_ __  __ _ \ \ \ \
( ( )\___ | '_ | '_| | '_ \/ _` | \ \ \ \
 \\/  ___)| |_)| | | | | || (_| |  ) ) ) )
  '  |____| .__|_| |_|_| |_\__, | / / / /
 =========|_|==============|___/=/_/_/_/

 :: Spring Boot ::                (v3.4.5)

2025-05-16T20:53:18.877Z  INFO 29321 --- [spring-security-app] [           main] o.e.s.SpringSecurityAppApplicationTests  : Starting SpringSecurityAppApplicationTests using Java 21.0.7 with PID 29321 (started by salem in /home/salem/IdeaProjects/tp_staprk_ventes/tp4_spart/spring-security-app)
2025-05-16T20:53:18.879Z  INFO 29321 --- [spring-security-app] [           main] o.e.s.SpringSecurityAppApplicationTests  : No active profile set, falling back to 1 default profile: "default"
2025-05-16T20:53:20.361Z  INFO 29321 --- [spring-security-app] [           main] .s.d.r.c.RepositoryConfigurationDelegate : Bootstrapping Spring Data JPA repositories in DEFAULT mode.
2025-05-16T20:53:20.435Z  INFO 29321 --- [spring-security-app] [           main] .s.d.r.c.RepositoryConfigurationDelegate : Finished Spring Data repository scanning in 58 ms. Found 1 JPA repository interface.
2025-05-16T20:53:21.249Z  INFO 29321 --- [spring-security-app] [           main] com.zaxxer.hikari.HikariDataSource       : HikariPool-1 - Starting...
2025-05-16T20:53:21.573Z  INFO 29321 --- [spring-security-app] [           main] com.zaxxer.hikari.pool.HikariPool        : HikariPool-1 - Added connection conn0: url=jdbc:h2:mem:p-db user=SA
2025-05-16T20:53:21.576Z  INFO 29321 --- [spring-security-app] [           main] com.zaxxer.hikari.HikariDataSource       : HikariPool-1 - Start completed.
2025-05-16T20:53:21.677Z  INFO 29321 --- [spring-security-app] [           main] o.hibernate.jpa.internal.util.LogHelper  : HHH000204: Processing PersistenceUnitInfo [name: default]
2025-05-16T20:53:21.755Z  INFO 29321 --- [spring-security-app] [           main] org.hibernate.Version                    : HHH000412: Hibernate ORM core version 6.6.13.Final
2025-05-16T20:53:21.806Z  INFO 29321 --- [spring-security-app] [           main] o.h.c.internal.RegionFactoryInitiator    : HHH000026: Second-level cache disabled
2025-05-16T20:53:22.254Z  INFO 29321 --- [spring-security-app] [           main] o.s.o.j.p.SpringPersistenceUnitInfo      : No LoadTimeWeaver setup: ignoring JPA class transformer
2025-05-16T20:53:22.365Z  INFO 29321 --- [spring-security-app] [           main] org.hibernate.orm.connections.pooling    : HHH10001005: Database info:
	Database JDBC URL [Connecting through datasource 'HikariDataSource (HikariPool-1)']
	Database driver: undefined/unknown
	Database version: 2.3.232
	Autocommit mode: undefined/unknown
	Isolation level: undefined/unknown
	Minimum pool size: undefined/unknown
	Maximum pool size: undefined/unknown
2025-05-16T20:53:23.523Z  INFO 29321 --- [spring-security-app] [           main] o.h.e.t.j.p.i.JtaPlatformInitiator       : HHH000489: No JTA platform available (set 'hibernate.transaction.jta.platform' to enable JTA platform integration)
2025-05-16T20:53:23.567Z  INFO 29321 --- [spring-security-app] [           main] j.LocalContainerEntityManagerFactoryBean : Initialized JPA EntityManagerFactory for persistence unit 'default'
2025-05-16T20:53:24.155Z  WARN 29321 --- [spring-security-app] [           main] JpaBaseConfiguration$JpaWebConfiguration : spring.jpa.open-in-view is enabled by default. Therefore, database queries may be performed during view rendering. Explicitly configure spring.jpa.open-in-view to disable this warning
2025-05-16T20:53:24.653Z  INFO 29321 --- [spring-security-app] [           main] r$InitializeUserDetailsManagerConfigurer : Global AuthenticationManager configured with UserDetailsService bean with name inMemoryUserDetailsManager
2025-05-16T20:53:25.676Z  INFO 29321 --- [spring-security-app] [           main] o.s.b.a.h2.H2ConsoleAutoConfiguration    : H2 console available at '/h2-console'. Database available at 'jdbc:h2:mem:p-db'
2025-05-16T20:53:25.788Z  INFO 29321 --- [spring-security-app] [           main] o.e.s.SpringSecurityAppApplicationTests  : Started SpringSecurityAppApplicationTests in 7.47 seconds (process running for 9.171)
Product(id=1, name=Product 1, price=1010.0, quantity=11)
Product(id=2, name=Product 2, price=1020.0, quantity=12)
Product(id=3, name=Product 3, price=1030.0, quantity=13)
Product(id=4, name=Product 4, price=1040.0, quantity=14)
Product(id=5, name=Product 5, price=1050.0, quantity=15)
Product(id=6, name=Product 6, price=1060.0, quantity=16)
Product(id=7, name=Product 7, price=1070.0, quantity=17)
Product(id=8, name=Product 8, price=1080.0, quantity=18)
Product(id=9, name=Product 9, price=1090.0, quantity=19)
Product(id=10, name=Product 10, price=1100.0, quantity=20)
Product(id=11, name=Product 11, price=1110.0, quantity=21)
Product(id=12, name=Product 12, price=1120.0, quantity=22)
Product(id=13, name=Product 13, price=1130.0, quantity=23)
Product(id=14, name=Product 14, price=1140.0, quantity=24)
Product(id=15, name=Product 15, price=1150.0, quantity=25)
Product(id=16, name=Product 16, price=1160.0, quantity=26)
Product(id=17, name=Product 17, price=1170.0, quantity=27)
Product(id=18, name=Product 18, price=1180.0, quantity=28)
Product(id=19, name=Product 19, price=1190.0, quantity=29)
Product(id=20, name=Product 20, price=1200.0, quantity=30)
Product(id=21, name=Product 21, price=1210.0, quantity=31)
Product(id=22, name=Product 22, price=1220.0, quantity=32)
Product(id=23, name=Product 23, price=1230.0, quantity=33)
Product(id=24, name=Product 24, price=1240.0, quantity=34)
Product(id=25, name=Product 25, price=1250.0, quantity=35)
Product(id=26, name=Product 26, price=1260.0, quantity=36)
Product(id=27, name=Product 27, price=1270.0, quantity=37)
Product(id=28, name=Product 28, price=1280.0, quantity=38)
Product(id=29, name=Product 29, price=1290.0, quantity=39)
Product(id=30, name=Product 30, price=1300.0, quantity=40)
Product(id=31, name=Product 31, price=1310.0, quantity=41)
Product(id=32, name=Product 32, price=1320.0, quantity=42)
Product(id=33, name=Product 33, price=1330.0, quantity=43)
Product(id=34, name=Product 34, price=1340.0, quantity=44)
Product(id=35, name=Product 35, price=1350.0, quantity=45)
Product(id=36, name=Product 36, price=1360.0, quantity=46)
Product(id=37, name=Product 37, price=1370.0, quantity=47)
Product(id=38, name=Product 38, price=1380.0, quantity=48)
Product(id=39, name=Product 39, price=1390.0, quantity=49)
Product(id=40, name=Product 40, price=1400.0, quantity=50)
Product(id=41, name=Product 41, price=1410.0, quantity=51)
Product(id=42, name=Product 42, price=1420.0, quantity=52)
Product(id=43, name=Product 43, price=1430.0, quantity=53)
Product(id=44, name=Product 44, price=1440.0, quantity=54)
Product(id=45, name=Product 45, price=1450.0, quantity=55)
Product(id=46, name=Product 46, price=1460.0, quantity=56)
Product(id=47, name=Product 47, price=1470.0, quantity=57)
Product(id=48, name=Product 48, price=1480.0, quantity=58)
Product(id=49, name=Product 49, price=1490.0, quantity=59)
Product(id=50, name=Product 50, price=1500.0, quantity=60)
Product(id=51, name=Product 51, price=1510.0, quantity=61)
Product(id=52, name=Product 52, price=1520.0, quantity=62)
Product(id=53, name=Product 53, price=1530.0, quantity=63)
Product(id=54, name=Product 54, price=1540.0, quantity=64)
Product(id=55, name=Product 55, price=1550.0, quantity=65)
Product(id=56, name=Product 56, price=1560.0, quantity=66)
Product(id=57, name=Product 57, price=1570.0, quantity=67)
Product(id=58, name=Product 58, price=1580.0, quantity=68)
Product(id=59, name=Product 59, price=1590.0, quantity=69)
Product(id=60, name=Product 60, price=1600.0, quantity=70)
Product(id=61, name=Product 61, price=1610.0, quantity=71)
Product(id=62, name=Product 62, price=1620.0, quantity=72)
Product(id=63, name=Product 63, price=1630.0, quantity=73)
Product(id=64, name=Product 64, price=1640.0, quantity=74)
Product(id=65, name=Product 65, price=1650.0, quantity=75)
Product(id=66, name=Product 66, price=1660.0, quantity=76)
Product(id=67, name=Product 67, price=1670.0, quantity=77)
Product(id=68, name=Product 68, price=1680.0, quantity=78)
Product(id=69, name=Product 69, price=1690.0, quantity=79)
Product(id=70, name=Product 70, price=1700.0, quantity=80)
Product(id=71, name=Product 71, price=1710.0, quantity=81)
Product(id=72, name=Product 72, price=1720.0, quantity=82)
Product(id=73, name=Product 73, price=1730.0, quantity=83)
Product(id=74, name=Product 74, price=1740.0, quantity=84)
Product(id=75, name=Product 75, price=1750.0, quantity=85)
Product(id=76, name=Product 76, price=1760.0, quantity=86)
Product(id=77, name=Product 77, price=1770.0, quantity=87)
Product(id=78, name=Product 78, price=1780.0, quantity=88)
Product(id=79, name=Product 79, price=1790.0, quantity=89)
Product(id=80, name=Product 80, price=1800.0, quantity=90)
Product(id=81, name=Product 81, price=1810.0, quantity=91)
Product(id=82, name=Product 82, price=1820.0, quantity=92)
Product(id=83, name=Product 83, price=1830.0, quantity=93)
Product(id=84, name=Product 84, price=1840.0, quantity=94)
Product(id=85, name=Product 85, price=1850.0, quantity=95)
Product(id=86, name=Product 86, price=1860.0, quantity=96)
Product(id=87, name=Product 87, price=1870.0, quantity=97)
Product(id=88, name=Product 88, price=1880.0, quantity=98)
Product(id=89, name=Product 89, price=1890.0, quantity=99)
Product(id=90, name=Product 90, price=1900.0, quantity=100)
Product(id=91, name=Product 91, price=1910.0, quantity=101)
Product(id=92, name=Product 92, price=1920.0, quantity=102)
Product(id=93, name=Product 93, price=1930.0, quantity=103)
Product(id=94, name=Product 94, price=1940.0, quantity=104)
Product(id=95, name=Product 95, price=1950.0, quantity=105)
Product(id=96, name=Product 96, price=1960.0, quantity=106)
Product(id=97, name=Product 97, price=1970.0, quantity=107)
Product(id=98, name=Product 98, price=1980.0, quantity=108)
Product(id=99, name=Product 99, price=1990.0, quantity=109)
Product(id=100, name=Product 100, price=2000.0, quantity=110)
Product(id=101, name=Product 101, price=2010.0, quantity=111)
Product(id=102, name=Product 102, price=2020.0, quantity=112)
Product(id=103, name=Product 103, price=2030.0, quantity=113)
Product(id=104, name=Product 104, price=2040.0, quantity=114)
Product(id=105, name=Product 105, price=2050.0, quantity=115)
Product(id=106, name=Product 106, price=2060.0, quantity=116)
Product(id=107, name=Product 107, price=2070.0, quantity=117)
Product(id=108, name=Product 108, price=2080.0, quantity=118)
Product(id=109, name=Product 109, price=2090.0, quantity=119)
Product(id=110, name=Product 110, price=2100.0, quantity=120)
Product(id=111, name=Product 111, price=2110.0, quantity=121)
Product(id=112, name=Product 112, price=2120.0, quantity=122)
Product(id=113, name=Product 113, price=2130.0, quantity=123)
Product(id=114, name=Product 114, price=2140.0, quantity=124)
Product(id=115, name=Product 115, price=2150.0, quantity=125)
Product(id=116, name=Product 116, price=2160.0, quantity=126)
Product(id=117, name=Product 117, price=2170.0, quantity=127)
Product(id=118, name=Product 118, price=2180.0, quantity=128)
Product(id=119, name=Product 119, price=2190.0, quantity=129)
Product(id=120, name=Product 120, price=2200.0, quantity=130)
Product(id=121, name=Product 121, price=2210.0, quantity=131)
Product(id=122, name=Product 122, price=2220.0, quantity=132)
Product(id=123, name=Product 123, price=2230.0, quantity=133)
Product(id=124, name=Product 124, price=2240.0, quantity=134)
Product(id=125, name=Product 125, price=2250.0, quantity=135)
Product(id=126, name=Product 126, price=2260.0, quantity=136)
Product(id=127, name=Product 127, price=2270.0, quantity=137)
Product(id=128, name=Product 128, price=2280.0, quantity=138)
Product(id=129, name=Product 129, price=2290.0, quantity=139)
Product(id=130, name=Product 130, price=2300.0, quantity=140)
Product(id=131, name=Product 131, price=2310.0, quantity=141)
Product(id=132, name=Product 132, price=2320.0, quantity=142)
Product(id=133, name=Product 133, price=2330.0, quantity=143)
Product(id=134, name=Product 134, price=2340.0, quantity=144)
Product(id=135, name=Product 135, price=2350.0, quantity=145)
Product(id=136, name=Product 136, price=2360.0, quantity=146)
Product(id=137, name=Product 137, price=2370.0, quantity=147)
Product(id=138, name=Product 138, price=2380.0, quantity=148)
Product(id=139, name=Product 139, price=2390.0, quantity=149)
Product(id=140, name=Product 140, price=2400.0, quantity=150)
Product(id=141, name=Product 141, price=2410.0, quantity=151)
Product(id=142, name=Product 142, price=2420.0, quantity=152)
Product(id=143, name=Product 143, price=2430.0, quantity=153)
Product(id=144, name=Product 144, price=2440.0, quantity=154)
Product(id=145, name=Product 145, price=2450.0, quantity=155)
Product(id=146, name=Product 146, price=2460.0, quantity=156)
Product(id=147, name=Product 147, price=2470.0, quantity=157)
Product(id=148, name=Product 148, price=2480.0, quantity=158)
Product(id=149, name=Product 149, price=2490.0, quantity=159)
Product(id=150, name=Product 150, price=2500.0, quantity=160)
Product(id=151, name=Product 151, price=2510.0, quantity=161)
Product(id=152, name=Product 152, price=2520.0, quantity=162)
Product(id=153, name=Product 153, price=2530.0, quantity=163)
Product(id=154, name=Product 154, price=2540.0, quantity=164)
Product(id=155, name=Product 155, price=2550.0, quantity=165)
Product(id=156, name=Product 156, price=2560.0, quantity=166)
Product(id=157, name=Product 157, price=2570.0, quantity=167)
Product(id=158, name=Product 158, price=2580.0, quantity=168)
Product(id=159, name=Product 159, price=2590.0, quantity=169)
Product(id=160, name=Product 160, price=2600.0, quantity=170)
Product(id=161, name=Product 161, price=2610.0, quantity=171)
Product(id=162, name=Product 162, price=2620.0, quantity=172)
Product(id=163, name=Product 163, price=2630.0, quantity=173)
Product(id=164, name=Product 164, price=2640.0, quantity=174)
Product(id=165, name=Product 165, price=2650.0, quantity=175)
Product(id=166, name=Product 166, price=2660.0, quantity=176)
Product(id=167, name=Product 167, price=2670.0, quantity=177)
Product(id=168, name=Product 168, price=2680.0, quantity=178)
Product(id=169, name=Product 169, price=2690.0, quantity=179)
Product(id=170, name=Product 170, price=2700.0, quantity=180)
Product(id=171, name=Product 171, price=2710.0, quantity=181)
Product(id=172, name=Product 172, price=2720.0, quantity=182)
Product(id=173, name=Product 173, price=2730.0, quantity=183)
Product(id=174, name=Product 174, price=2740.0, quantity=184)
Product(id=175, name=Product 175, price=2750.0, quantity=185)
Product(id=176, name=Product 176, price=2760.0, quantity=186)
Product(id=177, name=Product 177, price=2770.0, quantity=187)
Product(id=178, name=Product 178, price=2780.0, quantity=188)
Product(id=179, name=Product 179, price=2790.0, quantity=189)
Product(id=180, name=Product 180, price=2800.0, quantity=190)
Product(id=181, name=Product 181, price=2810.0, quantity=191)
Product(id=182, name=Product 182, price=2820.0, quantity=192)
Product(id=183, name=Product 183, price=2830.0, quantity=193)
Product(id=184, name=Product 184, price=2840.0, quantity=194)
Product(id=185, name=Product 185, price=2850.0, quantity=195)
Product(id=186, name=Product 186, price=2860.0, quantity=196)
Product(id=187, name=Product 187, price=2870.0, quantity=197)
Product(id=188, name=Product 188, price=2880.0, quantity=198)
Product(id=189, name=Product 189, price=2890.0, quantity=199)
Product(id=190, name=Product 190, price=2900.0, quantity=200)
Product(id=191, name=Product 191, price=2910.0, quantity=201)
Product(id=192, name=Product 192, price=2920.0, quantity=202)
Product(id=193, name=Product 193, price=2930.0, quantity=203)
Product(id=194, name=Product 194, price=2940.0, quantity=204)
Product(id=195, name=Product 195, price=2950.0, quantity=205)
Product(id=196, name=Product 196, price=2960.0, quantity=206)
Product(id=197, name=Product 197, price=2970.0, quantity=207)
Product(id=198, name=Product 198, price=2980.0, quantity=208)
Product(id=199, name=Product 199, price=2990.0, quantity=209)
Product(id=200, name=Product 200, price=3000.0, quantity=210)
Product(id=201, name=Product 201, price=3010.0, quantity=211)
Product(id=202, name=Product 202, price=3020.0, quantity=212)
Product(id=203, name=Product 203, price=3030.0, quantity=213)
Product(id=204, name=Product 204, price=3040.0, quantity=214)
Product(id=205, name=Product 205, price=3050.0, quantity=215)
Product(id=206, name=Product 206, price=3060.0, quantity=216)
Product(id=207, name=Product 207, price=3070.0, quantity=217)
Product(id=208, name=Product 208, price=3080.0, quantity=218)
Product(id=209, name=Product 209, price=3090.0, quantity=219)
Product(id=210, name=Product 210, price=3100.0, quantity=220)
Product(id=211, name=Product 211, price=3110.0, quantity=221)
Product(id=212, name=Product 212, price=3120.0, quantity=222)
Product(id=213, name=Product 213, price=3130.0, quantity=223)
Product(id=214, name=Product 214, price=3140.0, quantity=224)
Product(id=215, name=Product 215, price=3150.0, quantity=225)
Product(id=216, name=Product 216, price=3160.0, quantity=226)
Product(id=217, name=Product 217, price=3170.0, quantity=227)
Product(id=218, name=Product 218, price=3180.0, quantity=228)
Product(id=219, name=Product 219, price=3190.0, quantity=229)
Product(id=220, name=Product 220, price=3200.0, quantity=230)
Product(id=221, name=Product 221, price=3210.0, quantity=231)
Product(id=222, name=Product 222, price=3220.0, quantity=232)
Product(id=223, name=Product 223, price=3230.0, quantity=233)
Product(id=224, name=Product 224, price=3240.0, quantity=234)
Product(id=225, name=Product 225, price=3250.0, quantity=235)
Product(id=226, name=Product 226, price=3260.0, quantity=236)
Product(id=227, name=Product 227, price=3270.0, quantity=237)
Product(id=228, name=Product 228, price=3280.0, quantity=238)
Product(id=229, name=Product 229, price=3290.0, quantity=239)
Product(id=230, name=Product 230, price=3300.0, quantity=240)
Product(id=231, name=Product 231, price=3310.0, quantity=241)
Product(id=232, name=Product 232, price=3320.0, quantity=242)
Product(id=233, name=Product 233, price=3330.0, quantity=243)
Product(id=234, name=Product 234, price=3340.0, quantity=244)
Product(id=235, name=Product 235, price=3350.0, quantity=245)
Product(id=236, name=Product 236, price=3360.0, quantity=246)
Product(id=237, name=Product 237, price=3370.0, quantity=247)
Product(id=238, name=Product 238, price=3380.0, quantity=248)
Product(id=239, name=Product 239, price=3390.0, quantity=249)
Product(id=240, name=Product 240, price=3400.0, quantity=250)
Product(id=241, name=Product 241, price=3410.0, quantity=251)
Product(id=242, name=Product 242, price=3420.0, quantity=252)
Product(id=243, name=Product 243, price=3430.0, quantity=253)
Product(id=244, name=Product 244, price=3440.0, quantity=254)
Product(id=245, name=Product 245, price=3450.0, quantity=255)
Product(id=246, name=Product 246, price=3460.0, quantity=256)
Product(id=247, name=Product 247, price=3470.0, quantity=257)
Product(id=248, name=Product 248, price=3480.0, quantity=258)
Product(id=249, name=Product 249, price=3490.0, quantity=259)
Product(id=250, name=Product 250, price=3500.0, quantity=260)
Product(id=251, name=Product 251, price=3510.0, quantity=261)
Product(id=252, name=Product 252, price=3520.0, quantity=262)
Product(id=253, name=Product 253, price=3530.0, quantity=263)
Product(id=254, name=Product 254, price=3540.0, quantity=264)
Product(id=255, name=Product 255, price=3550.0, quantity=265)
Product(id=256, name=Product 256, price=3560.0, quantity=266)
Product(id=257, name=Product 257, price=3570.0, quantity=267)
Product(id=258, name=Product 258, price=3580.0, quantity=268)
Product(id=259, name=Product 259, price=3590.0, quantity=269)
Product(id=260, name=Product 260, price=3600.0, quantity=270)
Product(id=261, name=Product 261, price=3610.0, quantity=271)
Product(id=262, name=Product 262, price=3620.0, quantity=272)
Product(id=263, name=Product 263, price=3630.0, quantity=273)
Product(id=264, name=Product 264, price=3640.0, quantity=274)
Product(id=265, name=Product 265, price=3650.0, quantity=275)
Product(id=266, name=Product 266, price=3660.0, quantity=276)
Product(id=267, name=Product 267, price=3670.0, quantity=277)
Product(id=268, name=Product 268, price=3680.0, quantity=278)
Product(id=269, name=Product 269, price=3690.0, quantity=279)
Product(id=270, name=Product 270, price=3700.0, quantity=280)
Product(id=271, name=Product 271, price=3710.0, quantity=281)
Product(id=272, name=Product 272, price=3720.0, quantity=282)
Product(id=273, name=Product 273, price=3730.0, quantity=283)
Product(id=274, name=Product 274, price=3740.0, quantity=284)
Product(id=275, name=Product 275, price=3750.0, quantity=285)
Product(id=276, name=Product 276, price=3760.0, quantity=286)
Product(id=277, name=Product 277, price=3770.0, quantity=287)
Product(id=278, name=Product 278, price=3780.0, quantity=288)
Product(id=279, name=Product 279, price=3790.0, quantity=289)
Product(id=280, name=Product 280, price=3800.0, quantity=290)
Product(id=281, name=Product 281, price=3810.0, quantity=291)
Product(id=282, name=Product 282, price=3820.0, quantity=292)
Product(id=283, name=Product 283, price=3830.0, quantity=293)
Product(id=284, name=Product 284, price=3840.0, quantity=294)
Product(id=285, name=Product 285, price=3850.0, quantity=295)
Product(id=286, name=Product 286, price=3860.0, quantity=296)
Product(id=287, name=Product 287, price=3870.0, quantity=297)
Product(id=288, name=Product 288, price=3880.0, quantity=298)
Product(id=289, name=Product 289, price=3890.0, quantity=299)
Product(id=290, name=Product 290, price=3900.0, quantity=300)
Product(id=291, name=Product 291, price=3910.0, quantity=301)
Product(id=292, name=Product 292, price=3920.0, quantity=302)
Product(id=293, name=Product 293, price=3930.0, quantity=303)
Product(id=294, name=Product 294, price=3940.0, quantity=304)
Product(id=295, name=Product 295, price=3950.0, quantity=305)
Product(id=296, name=Product 296, price=3960.0, quantity=306)
Product(id=297, name=Product 297, price=3970.0, quantity=307)
Product(id=298, name=Product 298, price=3980.0, quantity=308)
Product(id=299, name=Product 299, price=3990.0, quantity=309)
Product(id=300, name=Product 300, price=4000.0, quantity=310)
Product(id=301, name=Product 301, price=4010.0, quantity=311)
Product(id=302, name=Product 302, price=4020.0, quantity=312)
Product(id=303, name=Product 303, price=4030.0, quantity=313)
Product(id=304, name=Product 304, price=4040.0, quantity=314)
Product(id=305, name=Product 305, price=4050.0, quantity=315)
Product(id=306, name=Product 306, price=4060.0, quantity=316)
Product(id=307, name=Product 307, price=4070.0, quantity=317)
Product(id=308, name=Product 308, price=4080.0, quantity=318)
Product(id=309, name=Product 309, price=4090.0, quantity=319)
Product(id=310, name=Product 310, price=4100.0, quantity=320)
Product(id=311, name=Product 311, price=4110.0, quantity=321)
Product(id=312, name=Product 312, price=4120.0, quantity=322)
Product(id=313, name=Product 313, price=4130.0, quantity=323)
Product(id=314, name=Product 314, price=4140.0, quantity=324)
Product(id=315, name=Product 315, price=4150.0, quantity=325)
Product(id=316, name=Product 316, price=4160.0, quantity=326)
Product(id=317, name=Product 317, price=4170.0, quantity=327)
Product(id=318, name=Product 318, price=4180.0, quantity=328)
Product(id=319, name=Product 319, price=4190.0, quantity=329)
Product(id=320, name=Product 320, price=4200.0, quantity=330)
Product(id=321, name=Product 321, price=4210.0, quantity=331)
Product(id=322, name=Product 322, price=4220.0, quantity=332)
Product(id=323, name=Product 323, price=4230.0, quantity=333)
Product(id=324, name=Product 324, price=4240.0, quantity=334)
Product(id=325, name=Product 325, price=4250.0, quantity=335)
Product(id=326, name=Product 326, price=4260.0, quantity=336)
Product(id=327, name=Product 327, price=4270.0, quantity=337)
Product(id=328, name=Product 328, price=4280.0, quantity=338)
Product(id=329, name=Product 329, price=4290.0, quantity=339)
Product(id=330, name=Product 330, price=4300.0, quantity=340)
Product(id=331, name=Product 331, price=4310.0, quantity=341)
Product(id=332, name=Product 332, price=4320.0, quantity=342)
Product(id=333, name=Product 333, price=4330.0, quantity=343)
Product(id=334, name=Product 334, price=4340.0, quantity=344)
Product(id=335, name=Product 335, price=4350.0, quantity=345)
Product(id=336, name=Product 336, price=4360.0, quantity=346)
Product(id=337, name=Product 337, price=4370.0, quantity=347)
Product(id=338, name=Product 338, price=4380.0, quantity=348)
Product(id=339, name=Product 339, price=4390.0, quantity=349)
Product(id=340, name=Product 340, price=4400.0, quantity=350)
Product(id=341, name=Product 341, price=4410.0, quantity=351)
Product(id=342, name=Product 342, price=4420.0, quantity=352)
Product(id=343, name=Product 343, price=4430.0, quantity=353)
Product(id=344, name=Product 344, price=4440.0, quantity=354)
Product(id=345, name=Product 345, price=4450.0, quantity=355)
Product(id=346, name=Product 346, price=4460.0, quantity=356)
Product(id=347, name=Product 347, price=4470.0, quantity=357)
Product(id=348, name=Product 348, price=4480.0, quantity=358)
Product(id=349, name=Product 349, price=4490.0, quantity=359)
Product(id=350, name=Product 350, price=4500.0, quantity=360)
Product(id=351, name=Product 351, price=4510.0, quantity=361)
Product(id=352, name=Product 352, price=4520.0, quantity=362)
Product(id=353, name=Product 353, price=4530.0, quantity=363)
Product(id=354, name=Product 354, price=4540.0, quantity=364)
Product(id=355, name=Product 355, price=4550.0, quantity=365)
Product(id=356, name=Product 356, price=4560.0, quantity=366)
Product(id=357, name=Product 357, price=4570.0, quantity=367)
Product(id=358, name=Product 358, price=4580.0, quantity=368)
Product(id=359, name=Product 359, price=4590.0, quantity=369)
Product(id=360, name=Product 360, price=4600.0, quantity=370)
Product(id=361, name=Product 361, price=4610.0, quantity=371)
Product(id=362, name=Product 362, price=4620.0, quantity=372)
Product(id=363, name=Product 363, price=4630.0, quantity=373)
Product(id=364, name=Product 364, price=4640.0, quantity=374)
Product(id=365, name=Product 365, price=4650.0, quantity=375)
Product(id=366, name=Product 366, price=4660.0, quantity=376)
Product(id=367, name=Product 367, price=4670.0, quantity=377)
Product(id=368, name=Product 368, price=4680.0, quantity=378)
Product(id=369, name=Product 369, price=4690.0, quantity=379)
Product(id=370, name=Product 370, price=4700.0, quantity=380)
Product(id=371, name=Product 371, price=4710.0, quantity=381)
Product(id=372, name=Product 372, price=4720.0, quantity=382)
Product(id=373, name=Product 373, price=4730.0, quantity=383)
Product(id=374, name=Product 374, price=4740.0, quantity=384)
Product(id=375, name=Product 375, price=4750.0, quantity=385)
Product(id=376, name=Product 376, price=4760.0, quantity=386)
Product(id=377, name=Product 377, price=4770.0, quantity=387)
Product(id=378, name=Product 378, price=4780.0, quantity=388)
Product(id=379, name=Product 379, price=4790.0, quantity=389)
Product(id=380, name=Product 380, price=4800.0, quantity=390)
Product(id=381, name=Product 381, price=4810.0, quantity=391)
Product(id=382, name=Product 382, price=4820.0, quantity=392)
Product(id=383, name=Product 383, price=4830.0, quantity=393)
Product(id=384, name=Product 384, price=4840.0, quantity=394)
Product(id=385, name=Product 385, price=4850.0, quantity=395)
Product(id=386, name=Product 386, price=4860.0, quantity=396)
Product(id=387, name=Product 387, price=4870.0, quantity=397)
Product(id=388, name=Product 388, price=4880.0, quantity=398)
Product(id=389, name=Product 389, price=4890.0, quantity=399)
Product(id=390, name=Product 390, price=4900.0, quantity=400)
Product(id=391, name=Product 391, price=4910.0, quantity=401)
Product(id=392, name=Product 392, price=4920.0, quantity=402)
Product(id=393, name=Product 393, price=4930.0, quantity=403)
Product(id=394, name=Product 394, price=4940.0, quantity=404)
Product(id=395, name=Product 395, price=4950.0, quantity=405)
Product(id=396, name=Product 396, price=4960.0, quantity=406)
Product(id=397, name=Product 397, price=4970.0, quantity=407)
Product(id=398, name=Product 398, price=4980.0, quantity=408)
Product(id=399, name=Product 399, price=4990.0, quantity=409)
Product(id=400, name=Product 400, price=5000.0, quantity=410)
Product(id=401, name=Product 401, price=5010.0, quantity=411)
Product(id=402, name=Product 402, price=5020.0, quantity=412)
Product(id=403, name=Product 403, price=5030.0, quantity=413)
Product(id=404, name=Product 404, price=5040.0, quantity=414)
Product(id=405, name=Product 405, price=5050.0, quantity=415)
Product(id=406, name=Product 406, price=5060.0, quantity=416)
Product(id=407, name=Product 407, price=5070.0, quantity=417)
Product(id=408, name=Product 408, price=5080.0, quantity=418)
Product(id=409, name=Product 409, price=5090.0, quantity=419)
Product(id=410, name=Product 410, price=5100.0, quantity=420)
Product(id=411, name=Product 411, price=5110.0, quantity=421)
Product(id=412, name=Product 412, price=5120.0, quantity=422)
Product(id=413, name=Product 413, price=5130.0, quantity=423)
Product(id=414, name=Product 414, price=5140.0, quantity=424)
Product(id=415, name=Product 415, price=5150.0, quantity=425)
Product(id=416, name=Product 416, price=5160.0, quantity=426)
Product(id=417, name=Product 417, price=5170.0, quantity=427)
Product(id=418, name=Product 418, price=5180.0, quantity=428)
Product(id=419, name=Product 419, price=5190.0, quantity=429)
Product(id=420, name=Product 420, price=5200.0, quantity=430)
Product(id=421, name=Product 421, price=5210.0, quantity=431)
Product(id=422, name=Product 422, price=5220.0, quantity=432)
Product(id=423, name=Product 423, price=5230.0, quantity=433)
Product(id=424, name=Product 424, price=5240.0, quantity=434)
Product(id=425, name=Product 425, price=5250.0, quantity=435)
Product(id=426, name=Product 426, price=5260.0, quantity=436)
Product(id=427, name=Product 427, price=5270.0, quantity=437)
Product(id=428, name=Product 428, price=5280.0, quantity=438)
Product(id=429, name=Product 429, price=5290.0, quantity=439)
Product(id=430, name=Product 430, price=5300.0, quantity=440)
Product(id=431, name=Product 431, price=5310.0, quantity=441)
Product(id=432, name=Product 432, price=5320.0, quantity=442)
Product(id=433, name=Product 433, price=5330.0, quantity=443)
Product(id=434, name=Product 434, price=5340.0, quantity=444)
Product(id=435, name=Product 435, price=5350.0, quantity=445)
Product(id=436, name=Product 436, price=5360.0, quantity=446)
Product(id=437, name=Product 437, price=5370.0, quantity=447)
Product(id=438, name=Product 438, price=5380.0, quantity=448)
Product(id=439, name=Product 439, price=5390.0, quantity=449)
Product(id=440, name=Product 440, price=5400.0, quantity=450)
Product(id=441, name=Product 441, price=5410.0, quantity=451)
Product(id=442, name=Product 442, price=5420.0, quantity=452)
Product(id=443, name=Product 443, price=5430.0, quantity=453)
Product(id=444, name=Product 444, price=5440.0, quantity=454)
Product(id=445, name=Product 445, price=5450.0, quantity=455)
Product(id=446, name=Product 446, price=5460.0, quantity=456)
Product(id=447, name=Product 447, price=5470.0, quantity=457)
Product(id=448, name=Product 448, price=5480.0, quantity=458)
Product(id=449, name=Product 449, price=5490.0, quantity=459)
Product(id=450, name=Product 450, price=5500.0, quantity=460)
Product(id=451, name=Product 451, price=5510.0, quantity=461)
Product(id=452, name=Product 452, price=5520.0, quantity=462)
Product(id=453, name=Product 453, price=5530.0, quantity=463)
Product(id=454, name=Product 454, price=5540.0, quantity=464)
Product(id=455, name=Product 455, price=5550.0, quantity=465)
Product(id=456, name=Product 456, price=5560.0, quantity=466)
Product(id=457, name=Product 457, price=5570.0, quantity=467)
Product(id=458, name=Product 458, price=5580.0, quantity=468)
Product(id=459, name=Product 459, price=5590.0, quantity=469)
Product(id=460, name=Product 460, price=5600.0, quantity=470)
Product(id=461, name=Product 461, price=5610.0, quantity=471)
Product(id=462, name=Product 462, price=5620.0, quantity=472)
Product(id=463, name=Product 463, price=5630.0, quantity=473)
Product(id=464, name=Product 464, price=5640.0, quantity=474)
Product(id=465, name=Product 465, price=5650.0, quantity=475)
Product(id=466, name=Product 466, price=5660.0, quantity=476)
Product(id=467, name=Product 467, price=5670.0, quantity=477)
Product(id=468, name=Product 468, price=5680.0, quantity=478)
Product(id=469, name=Product 469, price=5690.0, quantity=479)
Product(id=470, name=Product 470, price=5700.0, quantity=480)
Product(id=471, name=Product 471, price=5710.0, quantity=481)
Product(id=472, name=Product 472, price=5720.0, quantity=482)
Product(id=473, name=Product 473, price=5730.0, quantity=483)
Product(id=474, name=Product 474, price=5740.0, quantity=484)
Product(id=475, name=Product 475, price=5750.0, quantity=485)
Product(id=476, name=Product 476, price=5760.0, quantity=486)
Product(id=477, name=Product 477, price=5770.0, quantity=487)
Product(id=478, name=Product 478, price=5780.0, quantity=488)
Product(id=479, name=Product 479, price=5790.0, quantity=489)
Product(id=480, name=Product 480, price=5800.0, quantity=490)
Product(id=481, name=Product 481, price=5810.0, quantity=491)
Product(id=482, name=Product 482, price=5820.0, quantity=492)
Product(id=483, name=Product 483, price=5830.0, quantity=493)
Product(id=484, name=Product 484, price=5840.0, quantity=494)
Product(id=485, name=Product 485, price=5850.0, quantity=495)
Product(id=486, name=Product 486, price=5860.0, quantity=496)
Product(id=487, name=Product 487, price=5870.0, quantity=497)
Product(id=488, name=Product 488, price=5880.0, quantity=498)
Product(id=489, name=Product 489, price=5890.0, quantity=499)
Product(id=490, name=Product 490, price=5900.0, quantity=500)
Product(id=491, name=Product 491, price=5910.0, quantity=501)
Product(id=492, name=Product 492, price=5920.0, quantity=502)
Product(id=493, name=Product 493, price=5930.0, quantity=503)
Product(id=494, name=Product 494, price=5940.0, quantity=504)
Product(id=495, name=Product 495, price=5950.0, quantity=505)
Product(id=496, name=Product 496, price=5960.0, quantity=506)
Product(id=497, name=Product 497, price=5970.0, quantity=507)
Product(id=498, name=Product 498, price=5980.0, quantity=508)
Product(id=499, name=Product 499, price=5990.0, quantity=509)
Product(id=500, name=Product 500, price=6000.0, quantity=510)
Product(id=501, name=Product 501, price=6010.0, quantity=511)
Product(id=502, name=Product 502, price=6020.0, quantity=512)
Product(id=503, name=Product 503, price=6030.0, quantity=513)
Product(id=504, name=Product 504, price=6040.0, quantity=514)
Product(id=505, name=Product 505, price=6050.0, quantity=515)
Product(id=506, name=Product 506, price=6060.0, quantity=516)
Product(id=507, name=Product 507, price=6070.0, quantity=517)
Product(id=508, name=Product 508, price=6080.0, quantity=518)
Product(id=509, name=Product 509, price=6090.0, quantity=519)
Product(id=510, name=Product 510, price=6100.0, quantity=520)
Product(id=511, name=Product 511, price=6110.0, quantity=521)
Product(id=512, name=Product 512, price=6120.0, quantity=522)
Product(id=513, name=Product 513, price=6130.0, quantity=523)
Product(id=514, name=Product 514, price=6140.0, quantity=524)
Product(id=515, name=Product 515, price=6150.0, quantity=525)
Product(id=516, name=Product 516, price=6160.0, quantity=526)
Product(id=517, name=Product 517, price=6170.0, quantity=527)
Product(id=518, name=Product 518, price=6180.0, quantity=528)
Product(id=519, name=Product 519, price=6190.0, quantity=529)
Product(id=520, name=Product 520, price=6200.0, quantity=530)
Product(id=521, name=Product 521, price=6210.0, quantity=531)
Product(id=522, name=Product 522, price=6220.0, quantity=532)
Product(id=523, name=Product 523, price=6230.0, quantity=533)
Product(id=524, name=Product 524, price=6240.0, quantity=534)
Product(id=525, name=Product 525, price=6250.0, quantity=535)
Product(id=526, name=Product 526, price=6260.0, quantity=536)
Product(id=527, name=Product 527, price=6270.0, quantity=537)
Product(id=528, name=Product 528, price=6280.0, quantity=538)
Product(id=529, name=Product 529, price=6290.0, quantity=539)
Product(id=530, name=Product 530, price=6300.0, quantity=540)
Product(id=531, name=Product 531, price=6310.0, quantity=541)
Product(id=532, name=Product 532, price=6320.0, quantity=542)
Product(id=533, name=Product 533, price=6330.0, quantity=543)
Product(id=534, name=Product 534, price=6340.0, quantity=544)
Product(id=535, name=Product 535, price=6350.0, quantity=545)
Product(id=536, name=Product 536, price=6360.0, quantity=546)
Product(id=537, name=Product 537, price=6370.0, quantity=547)
Product(id=538, name=Product 538, price=6380.0, quantity=548)
Product(id=539, name=Product 539, price=6390.0, quantity=549)
Product(id=540, name=Product 540, price=6400.0, quantity=550)
Product(id=541, name=Product 541, price=6410.0, quantity=551)
Product(id=542, name=Product 542, price=6420.0, quantity=552)
Product(id=543, name=Product 543, price=6430.0, quantity=553)
Product(id=544, name=Product 544, price=6440.0, quantity=554)
Product(id=545, name=Product 545, price=6450.0, quantity=555)
Product(id=546, name=Product 546, price=6460.0, quantity=556)
Product(id=547, name=Product 547, price=6470.0, quantity=557)
Product(id=548, name=Product 548, price=6480.0, quantity=558)
Product(id=549, name=Product 549, price=6490.0, quantity=559)
Product(id=550, name=Product 550, price=6500.0, quantity=560)
Product(id=551, name=Product 551, price=6510.0, quantity=561)
Product(id=552, name=Product 552, price=6520.0, quantity=562)
Product(id=553, name=Product 553, price=6530.0, quantity=563)
Product(id=554, name=Product 554, price=6540.0, quantity=564)
Product(id=555, name=Product 555, price=6550.0, quantity=565)
Product(id=556, name=Product 556, price=6560.0, quantity=566)
Product(id=557, name=Product 557, price=6570.0, quantity=567)
Product(id=558, name=Product 558, price=6580.0, quantity=568)
Product(id=559, name=Product 559, price=6590.0, quantity=569)
Product(id=560, name=Product 560, price=6600.0, quantity=570)
Product(id=561, name=Product 561, price=6610.0, quantity=571)
Product(id=562, name=Product 562, price=6620.0, quantity=572)
Product(id=563, name=Product 563, price=6630.0, quantity=573)
Product(id=564, name=Product 564, price=6640.0, quantity=574)
Product(id=565, name=Product 565, price=6650.0, quantity=575)
Product(id=566, name=Product 566, price=6660.0, quantity=576)
Product(id=567, name=Product 567, price=6670.0, quantity=577)
Product(id=568, name=Product 568, price=6680.0, quantity=578)
Product(id=569, name=Product 569, price=6690.0, quantity=579)
Product(id=570, name=Product 570, price=6700.0, quantity=580)
Product(id=571, name=Product 571, price=6710.0, quantity=581)
Product(id=572, name=Product 572, price=6720.0, quantity=582)
Product(id=573, name=Product 573, price=6730.0, quantity=583)
Product(id=574, name=Product 574, price=6740.0, quantity=584)
Product(id=575, name=Product 575, price=6750.0, quantity=585)
Product(id=576, name=Product 576, price=6760.0, quantity=586)
Product(id=577, name=Product 577, price=6770.0, quantity=587)
Product(id=578, name=Product 578, price=6780.0, quantity=588)
Product(id=579, name=Product 579, price=6790.0, quantity=589)
Product(id=580, name=Product 580, price=6800.0, quantity=590)
Product(id=581, name=Product 581, price=6810.0, quantity=591)
Product(id=582, name=Product 582, price=6820.0, quantity=592)
Product(id=583, name=Product 583, price=6830.0, quantity=593)
Product(id=584, name=Product 584, price=6840.0, quantity=594)
Product(id=585, name=Product 585, price=6850.0, quantity=595)
Product(id=586, name=Product 586, price=6860.0, quantity=596)
Product(id=587, name=Product 587, price=6870.0, quantity=597)
Product(id=588, name=Product 588, price=6880.0, quantity=598)
Product(id=589, name=Product 589, price=6890.0, quantity=599)
Product(id=590, name=Product 590, price=6900.0, quantity=600)
Product(id=591, name=Product 591, price=6910.0, quantity=601)
Product(id=592, name=Product 592, price=6920.0, quantity=602)
Product(id=593, name=Product 593, price=6930.0, quantity=603)
Product(id=594, name=Product 594, price=6940.0, quantity=604)
Product(id=595, name=Product 595, price=6950.0, quantity=605)
Product(id=596, name=Product 596, price=6960.0, quantity=606)
Product(id=597, name=Product 597, price=6970.0, quantity=607)
Product(id=598, name=Product 598, price=6980.0, quantity=608)
Product(id=599, name=Product 599, price=6990.0, quantity=609)
Product(id=600, name=Product 600, price=7000.0, quantity=610)
Product(id=601, name=Product 601, price=7010.0, quantity=611)
Product(id=602, name=Product 602, price=7020.0, quantity=612)
Product(id=603, name=Product 603, price=7030.0, quantity=613)
Product(id=604, name=Product 604, price=7040.0, quantity=614)
Product(id=605, name=Product 605, price=7050.0, quantity=615)
Product(id=606, name=Product 606, price=7060.0, quantity=616)
Product(id=607, name=Product 607, price=7070.0, quantity=617)
Product(id=608, name=Product 608, price=7080.0, quantity=618)
Product(id=609, name=Product 609, price=7090.0, quantity=619)
Product(id=610, name=Product 610, price=7100.0, quantity=620)
Product(id=611, name=Product 611, price=7110.0, quantity=621)
Product(id=612, name=Product 612, price=7120.0, quantity=622)
Product(id=613, name=Product 613, price=7130.0, quantity=623)
Product(id=614, name=Product 614, price=7140.0, quantity=624)
Product(id=615, name=Product 615, price=7150.0, quantity=625)
Product(id=616, name=Product 616, price=7160.0, quantity=626)
Product(id=617, name=Product 617, price=7170.0, quantity=627)
Product(id=618, name=Product 618, price=7180.0, quantity=628)
Product(id=619, name=Product 619, price=7190.0, quantity=629)
Product(id=620, name=Product 620, price=7200.0, quantity=630)
Product(id=621, name=Product 621, price=7210.0, quantity=631)
Product(id=622, name=Product 622, price=7220.0, quantity=632)
Product(id=623, name=Product 623, price=7230.0, quantity=633)
Product(id=624, name=Product 624, price=7240.0, quantity=634)
Product(id=625, name=Product 625, price=7250.0, quantity=635)
Product(id=626, name=Product 626, price=7260.0, quantity=636)
Product(id=627, name=Product 627, price=7270.0, quantity=637)
Product(id=628, name=Product 628, price=7280.0, quantity=638)
Product(id=629, name=Product 629, price=7290.0, quantity=639)
Product(id=630, name=Product 630, price=7300.0, quantity=640)
Product(id=631, name=Product 631, price=7310.0, quantity=641)
Product(id=632, name=Product 632, price=7320.0, quantity=642)
Product(id=633, name=Product 633, price=7330.0, quantity=643)
Product(id=634, name=Product 634, price=7340.0, quantity=644)
Product(id=635, name=Product 635, price=7350.0, quantity=645)
Product(id=636, name=Product 636, price=7360.0, quantity=646)
Product(id=637, name=Product 637, price=7370.0, quantity=647)
Product(id=638, name=Product 638, price=7380.0, quantity=648)
Product(id=639, name=Product 639, price=7390.0, quantity=649)
Product(id=640, name=Product 640, price=7400.0, quantity=650)
Product(id=641, name=Product 641, price=7410.0, quantity=651)
Product(id=642, name=Product 642, price=7420.0, quantity=652)
Product(id=643, name=Product 643, price=7430.0, quantity=653)
Product(id=644, name=Product 644, price=7440.0, quantity=654)
Product(id=645, name=Product 645, price=7450.0, quantity=655)
Product(id=646, name=Product 646, price=7460.0, quantity=656)
Product(id=647, name=Product 647, price=7470.0, quantity=657)
Product(id=648, name=Product 648, price=7480.0, quantity=658)
Product(id=649, name=Product 649, price=7490.0, quantity=659)
Product(id=650, name=Product 650, price=7500.0, quantity=660)
Product(id=651, name=Product 651, price=7510.0, quantity=661)
Product(id=652, name=Product 652, price=7520.0, quantity=662)
Product(id=653, name=Product 653, price=7530.0, quantity=663)
Product(id=654, name=Product 654, price=7540.0, quantity=664)
Product(id=655, name=Product 655, price=7550.0, quantity=665)
Product(id=656, name=Product 656, price=7560.0, quantity=666)
Product(id=657, name=Product 657, price=7570.0, quantity=667)
Product(id=658, name=Product 658, price=7580.0, quantity=668)
Product(id=659, name=Product 659, price=7590.0, quantity=669)
Product(id=660, name=Product 660, price=7600.0, quantity=670)
Product(id=661, name=Product 661, price=7610.0, quantity=671)
Product(id=662, name=Product 662, price=7620.0, quantity=672)
Product(id=663, name=Product 663, price=7630.0, quantity=673)
Product(id=664, name=Product 664, price=7640.0, quantity=674)
Product(id=665, name=Product 665, price=7650.0, quantity=675)
Product(id=666, name=Product 666, price=7660.0, quantity=676)
Product(id=667, name=Product 667, price=7670.0, quantity=677)
Product(id=668, name=Product 668, price=7680.0, quantity=678)
Product(id=669, name=Product 669, price=7690.0, quantity=679)
Product(id=670, name=Product 670, price=7700.0, quantity=680)
Product(id=671, name=Product 671, price=7710.0, quantity=681)
Product(id=672, name=Product 672, price=7720.0, quantity=682)
Product(id=673, name=Product 673, price=7730.0, quantity=683)
Product(id=674, name=Product 674, price=7740.0, quantity=684)
Product(id=675, name=Product 675, price=7750.0, quantity=685)
Product(id=676, name=Product 676, price=7760.0, quantity=686)
Product(id=677, name=Product 677, price=7770.0, quantity=687)
Product(id=678, name=Product 678, price=7780.0, quantity=688)
Product(id=679, name=Product 679, price=7790.0, quantity=689)
Product(id=680, name=Product 680, price=7800.0, quantity=690)
Product(id=681, name=Product 681, price=7810.0, quantity=691)
Product(id=682, name=Product 682, price=7820.0, quantity=692)
Product(id=683, name=Product 683, price=7830.0, quantity=693)
Product(id=684, name=Product 684, price=7840.0, quantity=694)
Product(id=685, name=Product 685, price=7850.0, quantity=695)
Product(id=686, name=Product 686, price=7860.0, quantity=696)
Product(id=687, name=Product 687, price=7870.0, quantity=697)
Product(id=688, name=Product 688, price=7880.0, quantity=698)
Product(id=689, name=Product 689, price=7890.0, quantity=699)
Product(id=690, name=Product 690, price=7900.0, quantity=700)
Product(id=691, name=Product 691, price=7910.0, quantity=701)
Product(id=692, name=Product 692, price=7920.0, quantity=702)
Product(id=693, name=Product 693, price=7930.0, quantity=703)
Product(id=694, name=Product 694, price=7940.0, quantity=704)
Product(id=695, name=Product 695, price=7950.0, quantity=705)
Product(id=696, name=Product 696, price=7960.0, quantity=706)
Product(id=697, name=Product 697, price=7970.0, quantity=707)
Product(id=698, name=Product 698, price=7980.0, quantity=708)
Product(id=699, name=Product 699, price=7990.0, quantity=709)
Product(id=700, name=Product 700, price=8000.0, quantity=710)
Product(id=701, name=Product 701, price=8010.0, quantity=711)
Product(id=702, name=Product 702, price=8020.0, quantity=712)
Product(id=703, name=Product 703, price=8030.0, quantity=713)
Product(id=704, name=Product 704, price=8040.0, quantity=714)
Product(id=705, name=Product 705, price=8050.0, quantity=715)
Product(id=706, name=Product 706, price=8060.0, quantity=716)
Product(id=707, name=Product 707, price=8070.0, quantity=717)
Product(id=708, name=Product 708, price=8080.0, quantity=718)
Product(id=709, name=Product 709, price=8090.0, quantity=719)
Product(id=710, name=Product 710, price=8100.0, quantity=720)
Product(id=711, name=Product 711, price=8110.0, quantity=721)
Product(id=712, name=Product 712, price=8120.0, quantity=722)
Product(id=713, name=Product 713, price=8130.0, quantity=723)
Product(id=714, name=Product 714, price=8140.0, quantity=724)
Product(id=715, name=Product 715, price=8150.0, quantity=725)
Product(id=716, name=Product 716, price=8160.0, quantity=726)
Product(id=717, name=Product 717, price=8170.0, quantity=727)
Product(id=718, name=Product 718, price=8180.0, quantity=728)
Product(id=719, name=Product 719, price=8190.0, quantity=729)
Product(id=720, name=Product 720, price=8200.0, quantity=730)
Product(id=721, name=Product 721, price=8210.0, quantity=731)
Product(id=722, name=Product 722, price=8220.0, quantity=732)
Product(id=723, name=Product 723, price=8230.0, quantity=733)
Product(id=724, name=Product 724, price=8240.0, quantity=734)
Product(id=725, name=Product 725, price=8250.0, quantity=735)
Product(id=726, name=Product 726, price=8260.0, quantity=736)
Product(id=727, name=Product 727, price=8270.0, quantity=737)
Product(id=728, name=Product 728, price=8280.0, quantity=738)
Product(id=729, name=Product 729, price=8290.0, quantity=739)
Product(id=730, name=Product 730, price=8300.0, quantity=740)
Product(id=731, name=Product 731, price=8310.0, quantity=741)
Product(id=732, name=Product 732, price=8320.0, quantity=742)
Product(id=733, name=Product 733, price=8330.0, quantity=743)
Product(id=734, name=Product 734, price=8340.0, quantity=744)
Product(id=735, name=Product 735, price=8350.0, quantity=745)
Product(id=736, name=Product 736, price=8360.0, quantity=746)
Product(id=737, name=Product 737, price=8370.0, quantity=747)
Product(id=738, name=Product 738, price=8380.0, quantity=748)
Product(id=739, name=Product 739, price=8390.0, quantity=749)
Product(id=740, name=Product 740, price=8400.0, quantity=750)
Product(id=741, name=Product 741, price=8410.0, quantity=751)
Product(id=742, name=Product 742, price=8420.0, quantity=752)
Product(id=743, name=Product 743, price=8430.0, quantity=753)
Product(id=744, name=Product 744, price=8440.0, quantity=754)
Product(id=745, name=Product 745, price=8450.0, quantity=755)
Product(id=746, name=Product 746, price=8460.0, quantity=756)
Product(id=747, name=Product 747, price=8470.0, quantity=757)
Product(id=748, name=Product 748, price=8480.0, quantity=758)
Product(id=749, name=Product 749, price=8490.0, quantity=759)
Product(id=750, name=Product 750, price=8500.0, quantity=760)
Product(id=751, name=Product 751, price=8510.0, quantity=761)
Product(id=752, name=Product 752, price=8520.0, quantity=762)
Product(id=753, name=Product 753, price=8530.0, quantity=763)
Product(id=754, name=Product 754, price=8540.0, quantity=764)
Product(id=755, name=Product 755, price=8550.0, quantity=765)
Product(id=756, name=Product 756, price=8560.0, quantity=766)
Product(id=757, name=Product 757, price=8570.0, quantity=767)
Product(id=758, name=Product 758, price=8580.0, quantity=768)
Product(id=759, name=Product 759, price=8590.0, quantity=769)
Product(id=760, name=Product 760, price=8600.0, quantity=770)
Product(id=761, name=Product 761, price=8610.0, quantity=771)
Product(id=762, name=Product 762, price=8620.0, quantity=772)
Product(id=763, name=Product 763, price=8630.0, quantity=773)
Product(id=764, name=Product 764, price=8640.0, quantity=774)
Product(id=765, name=Product 765, price=8650.0, quantity=775)
Product(id=766, name=Product 766, price=8660.0, quantity=776)
Product(id=767, name=Product 767, price=8670.0, quantity=777)
Product(id=768, name=Product 768, price=8680.0, quantity=778)
Product(id=769, name=Product 769, price=8690.0, quantity=779)
Product(id=770, name=Product 770, price=8700.0, quantity=780)
Product(id=771, name=Product 771, price=8710.0, quantity=781)
Product(id=772, name=Product 772, price=8720.0, quantity=782)
Product(id=773, name=Product 773, price=8730.0, quantity=783)
Product(id=774, name=Product 774, price=8740.0, quantity=784)
Product(id=775, name=Product 775, price=8750.0, quantity=785)
Product(id=776, name=Product 776, price=8760.0, quantity=786)
Product(id=777, name=Product 777, price=8770.0, quantity=787)
Product(id=778, name=Product 778, price=8780.0, quantity=788)
Product(id=779, name=Product 779, price=8790.0, quantity=789)
Product(id=780, name=Product 780, price=8800.0, quantity=790)
Product(id=781, name=Product 781, price=8810.0, quantity=791)
Product(id=782, name=Product 782, price=8820.0, quantity=792)
Product(id=783, name=Product 783, price=8830.0, quantity=793)
Product(id=784, name=Product 784, price=8840.0, quantity=794)
Product(id=785, name=Product 785, price=8850.0, quantity=795)
Product(id=786, name=Product 786, price=8860.0, quantity=796)
Product(id=787, name=Product 787, price=8870.0, quantity=797)
Product(id=788, name=Product 788, price=8880.0, quantity=798)
Product(id=789, name=Product 789, price=8890.0, quantity=799)
Product(id=790, name=Product 790, price=8900.0, quantity=800)
Product(id=791, name=Product 791, price=8910.0, quantity=801)
Product(id=792, name=Product 792, price=8920.0, quantity=802)
Product(id=793, name=Product 793, price=8930.0, quantity=803)
Product(id=794, name=Product 794, price=8940.0, quantity=804)
Product(id=795, name=Product 795, price=8950.0, quantity=805)
Product(id=796, name=Product 796, price=8960.0, quantity=806)
Product(id=797, name=Product 797, price=8970.0, quantity=807)
Product(id=798, name=Product 798, price=8980.0, quantity=808)
Product(id=799, name=Product 799, price=8990.0, quantity=809)
Product(id=800, name=Product 800, price=9000.0, quantity=810)
Product(id=801, name=Product 801, price=9010.0, quantity=811)
Product(id=802, name=Product 802, price=9020.0, quantity=812)
Product(id=803, name=Product 803, price=9030.0, quantity=813)
Product(id=804, name=Product 804, price=9040.0, quantity=814)
Product(id=805, name=Product 805, price=9050.0, quantity=815)
Product(id=806, name=Product 806, price=9060.0, quantity=816)
Product(id=807, name=Product 807, price=9070.0, quantity=817)
Product(id=808, name=Product 808, price=9080.0, quantity=818)
Product(id=809, name=Product 809, price=9090.0, quantity=819)
Product(id=810, name=Product 810, price=9100.0, quantity=820)
Product(id=811, name=Product 811, price=9110.0, quantity=821)
Product(id=812, name=Product 812, price=9120.0, quantity=822)
Product(id=813, name=Product 813, price=9130.0, quantity=823)
Product(id=814, name=Product 814, price=9140.0, quantity=824)
Product(id=815, name=Product 815, price=9150.0, quantity=825)
Product(id=816, name=Product 816, price=9160.0, quantity=826)
Product(id=817, name=Product 817, price=9170.0, quantity=827)
Product(id=818, name=Product 818, price=9180.0, quantity=828)
Product(id=819, name=Product 819, price=9190.0, quantity=829)
Product(id=820, name=Product 820, price=9200.0, quantity=830)
Product(id=821, name=Product 821, price=9210.0, quantity=831)
Product(id=822, name=Product 822, price=9220.0, quantity=832)
Product(id=823, name=Product 823, price=9230.0, quantity=833)
Product(id=824, name=Product 824, price=9240.0, quantity=834)
Product(id=825, name=Product 825, price=9250.0, quantity=835)
Product(id=826, name=Product 826, price=9260.0, quantity=836)
Product(id=827, name=Product 827, price=9270.0, quantity=837)
Product(id=828, name=Product 828, price=9280.0, quantity=838)
Product(id=829, name=Product 829, price=9290.0, quantity=839)
Product(id=830, name=Product 830, price=9300.0, quantity=840)
Product(id=831, name=Product 831, price=9310.0, quantity=841)
Product(id=832, name=Product 832, price=9320.0, quantity=842)
Product(id=833, name=Product 833, price=9330.0, quantity=843)
Product(id=834, name=Product 834, price=9340.0, quantity=844)
Product(id=835, name=Product 835, price=9350.0, quantity=845)
Product(id=836, name=Product 836, price=9360.0, quantity=846)
Product(id=837, name=Product 837, price=9370.0, quantity=847)
Product(id=838, name=Product 838, price=9380.0, quantity=848)
Product(id=839, name=Product 839, price=9390.0, quantity=849)
Product(id=840, name=Product 840, price=9400.0, quantity=850)
Product(id=841, name=Product 841, price=9410.0, quantity=851)
Product(id=842, name=Product 842, price=9420.0, quantity=852)
Product(id=843, name=Product 843, price=9430.0, quantity=853)
Product(id=844, name=Product 844, price=9440.0, quantity=854)
Product(id=845, name=Product 845, price=9450.0, quantity=855)
Product(id=846, name=Product 846, price=9460.0, quantity=856)
Product(id=847, name=Product 847, price=9470.0, quantity=857)
Product(id=848, name=Product 848, price=9480.0, quantity=858)
Product(id=849, name=Product 849, price=9490.0, quantity=859)
Product(id=850, name=Product 850, price=9500.0, quantity=860)
Product(id=851, name=Product 851, price=9510.0, quantity=861)
Product(id=852, name=Product 852, price=9520.0, quantity=862)
Product(id=853, name=Product 853, price=9530.0, quantity=863)
Product(id=854, name=Product 854, price=9540.0, quantity=864)
Product(id=855, name=Product 855, price=9550.0, quantity=865)
Product(id=856, name=Product 856, price=9560.0, quantity=866)
Product(id=857, name=Product 857, price=9570.0, quantity=867)
Product(id=858, name=Product 858, price=9580.0, quantity=868)
Product(id=859, name=Product 859, price=9590.0, quantity=869)
Product(id=860, name=Product 860, price=9600.0, quantity=870)
Product(id=861, name=Product 861, price=9610.0, quantity=871)
Product(id=862, name=Product 862, price=9620.0, quantity=872)
Product(id=863, name=Product 863, price=9630.0, quantity=873)
Product(id=864, name=Product 864, price=9640.0, quantity=874)
Product(id=865, name=Product 865, price=9650.0, quantity=875)
Product(id=866, name=Product 866, price=9660.0, quantity=876)
Product(id=867, name=Product 867, price=9670.0, quantity=877)
Product(id=868, name=Product 868, price=9680.0, quantity=878)
Product(id=869, name=Product 869, price=9690.0, quantity=879)
Product(id=870, name=Product 870, price=9700.0, quantity=880)
Product(id=871, name=Product 871, price=9710.0, quantity=881)
Product(id=872, name=Product 872, price=9720.0, quantity=882)
Product(id=873, name=Product 873, price=9730.0, quantity=883)
Product(id=874, name=Product 874, price=9740.0, quantity=884)
Product(id=875, name=Product 875, price=9750.0, quantity=885)
Product(id=876, name=Product 876, price=9760.0, quantity=886)
Product(id=877, name=Product 877, price=9770.0, quantity=887)
Product(id=878, name=Product 878, price=9780.0, quantity=888)
Product(id=879, name=Product 879, price=9790.0, quantity=889)
Product(id=880, name=Product 880, price=9800.0, quantity=890)
Product(id=881, name=Product 881, price=9810.0, quantity=891)
Product(id=882, name=Product 882, price=9820.0, quantity=892)
Product(id=883, name=Product 883, price=9830.0, quantity=893)
Product(id=884, name=Product 884, price=9840.0, quantity=894)
Product(id=885, name=Product 885, price=9850.0, quantity=895)
Product(id=886, name=Product 886, price=9860.0, quantity=896)
Product(id=887, name=Product 887, price=9870.0, quantity=897)
Product(id=888, name=Product 888, price=9880.0, quantity=898)
Product(id=889, name=Product 889, price=9890.0, quantity=899)
Product(id=890, name=Product 890, price=9900.0, quantity=900)
Product(id=891, name=Product 891, price=9910.0, quantity=901)
Product(id=892, name=Product 892, price=9920.0, quantity=902)
Product(id=893, name=Product 893, price=9930.0, quantity=903)
Product(id=894, name=Product 894, price=9940.0, quantity=904)
Product(id=895, name=Product 895, price=9950.0, quantity=905)
Product(id=896, name=Product 896, price=9960.0, quantity=906)
Product(id=897, name=Product 897, price=9970.0, quantity=907)
Product(id=898, name=Product 898, price=9980.0, quantity=908)
Product(id=899, name=Product 899, price=9990.0, quantity=909)
Product(id=900, name=Product 900, price=10000.0, quantity=910)
Product(id=901, name=Product 901, price=10010.0, quantity=911)
Product(id=902, name=Product 902, price=10020.0, quantity=912)
Product(id=903, name=Product 903, price=10030.0, quantity=913)
Product(id=904, name=Product 904, price=10040.0, quantity=914)
Product(id=905, name=Product 905, price=10050.0, quantity=915)
Product(id=906, name=Product 906, price=10060.0, quantity=916)
Product(id=907, name=Product 907, price=10070.0, quantity=917)
Product(id=908, name=Product 908, price=10080.0, quantity=918)
Product(id=909, name=Product 909, price=10090.0, quantity=919)
Product(id=910, name=Product 910, price=10100.0, quantity=920)
Product(id=911, name=Product 911, price=10110.0, quantity=921)
Product(id=912, name=Product 912, price=10120.0, quantity=922)
Product(id=913, name=Product 913, price=10130.0, quantity=923)
Product(id=914, name=Product 914, price=10140.0, quantity=924)
Product(id=915, name=Product 915, price=10150.0, quantity=925)
Product(id=916, name=Product 916, price=10160.0, quantity=926)
Product(id=917, name=Product 917, price=10170.0, quantity=927)
Product(id=918, name=Product 918, price=10180.0, quantity=928)
Product(id=919, name=Product 919, price=10190.0, quantity=929)
Product(id=920, name=Product 920, price=10200.0, quantity=930)
Product(id=921, name=Product 921, price=10210.0, quantity=931)
Product(id=922, name=Product 922, price=10220.0, quantity=932)
Product(id=923, name=Product 923, price=10230.0, quantity=933)
Product(id=924, name=Product 924, price=10240.0, quantity=934)
Product(id=925, name=Product 925, price=10250.0, quantity=935)
Product(id=926, name=Product 926, price=10260.0, quantity=936)
Product(id=927, name=Product 927, price=10270.0, quantity=937)
Product(id=928, name=Product 928, price=10280.0, quantity=938)
Product(id=929, name=Product 929, price=10290.0, quantity=939)
Product(id=930, name=Product 930, price=10300.0, quantity=940)
Product(id=931, name=Product 931, price=10310.0, quantity=941)
Product(id=932, name=Product 932, price=10320.0, quantity=942)
Product(id=933, name=Product 933, price=10330.0, quantity=943)
Product(id=934, name=Product 934, price=10340.0, quantity=944)
Product(id=935, name=Product 935, price=10350.0, quantity=945)
Product(id=936, name=Product 936, price=10360.0, quantity=946)
Product(id=937, name=Product 937, price=10370.0, quantity=947)
Product(id=938, name=Product 938, price=10380.0, quantity=948)
Product(id=939, name=Product 939, price=10390.0, quantity=949)
Product(id=940, name=Product 940, price=10400.0, quantity=950)
Product(id=941, name=Product 941, price=10410.0, quantity=951)
Product(id=942, name=Product 942, price=10420.0, quantity=952)
Product(id=943, name=Product 943, price=10430.0, quantity=953)
Product(id=944, name=Product 944, price=10440.0, quantity=954)
Product(id=945, name=Product 945, price=10450.0, quantity=955)
Product(id=946, name=Product 946, price=10460.0, quantity=956)
Product(id=947, name=Product 947, price=10470.0, quantity=957)
Product(id=948, name=Product 948, price=10480.0, quantity=958)
Product(id=949, name=Product 949, price=10490.0, quantity=959)
Product(id=950, name=Product 950, price=10500.0, quantity=960)
Product(id=951, name=Product 951, price=10510.0, quantity=961)
Product(id=952, name=Product 952, price=10520.0, quantity=962)
Product(id=953, name=Product 953, price=10530.0, quantity=963)
Product(id=954, name=Product 954, price=10540.0, quantity=964)
Product(id=955, name=Product 955, price=10550.0, quantity=965)
Product(id=956, name=Product 956, price=10560.0, quantity=966)
Product(id=957, name=Product 957, price=10570.0, quantity=967)
Product(id=958, name=Product 958, price=10580.0, quantity=968)
Product(id=959, name=Product 959, price=10590.0, quantity=969)
Product(id=960, name=Product 960, price=10600.0, quantity=970)
Product(id=961, name=Product 961, price=10610.0, quantity=971)
Product(id=962, name=Product 962, price=10620.0, quantity=972)
Product(id=963, name=Product 963, price=10630.0, quantity=973)
Product(id=964, name=Product 964, price=10640.0, quantity=974)
Product(id=965, name=Product 965, price=10650.0, quantity=975)
Product(id=966, name=Product 966, price=10660.0, quantity=976)
Product(id=967, name=Product 967, price=10670.0, quantity=977)
Product(id=968, name=Product 968, price=10680.0, quantity=978)
Product(id=969, name=Product 969, price=10690.0, quantity=979)
Product(id=970, name=Product 970, price=10700.0, quantity=980)
Product(id=971, name=Product 971, price=10710.0, quantity=981)
Product(id=972, name=Product 972, price=10720.0, quantity=982)
Product(id=973, name=Product 973, price=10730.0, quantity=983)
Product(id=974, name=Product 974, price=10740.0, quantity=984)
Product(id=975, name=Product 975, price=10750.0, quantity=985)
Product(id=976, name=Product 976, price=10760.0, quantity=986)
Product(id=977, name=Product 977, price=10770.0, quantity=987)
Product(id=978, name=Product 978, price=10780.0, quantity=988)
Product(id=979, name=Product 979, price=10790.0, quantity=989)
Product(id=980, name=Product 980, price=10800.0, quantity=990)
Product(id=981, name=Product 981, price=10810.0, quantity=991)
Product(id=982, name=Product 982, price=10820.0, quantity=992)
Product(id=983, name=Product 983, price=10830.0, quantity=993)
Product(id=984, name=Product 984, price=10840.0, quantity=994)
Product(id=985, name=Product 985, price=10850.0, quantity=995)
Product(id=986, name=Product 986, price=10860.0, quantity=996)
Product(id=987, name=Product 987, price=10870.0, quantity=997)
Product(id=988, name=Product 988, price=10880.0, quantity=998)
Product(id=989, name=Product 989, price=10890.0, quantity=999)
Product(id=990, name=Product 990, price=10900.0, quantity=1000)
Product(id=991, name=Product 991, price=10910.0, quantity=1001)
Product(id=992, name=Product 992, price=10920.0, quantity=1002)
Product(id=993, name=Product 993, price=10930.0, quantity=1003)
Product(id=994, name=Product 994, price=10940.0, quantity=1004)
Product(id=995, name=Product 995, price=10950.0, quantity=1005)
Product(id=996, name=Product 996, price=10960.0, quantity=1006)
Product(id=997, name=Product 997, price=10970.0, quantity=1007)
Product(id=998, name=Product 998, price=10980.0, quantity=1008)
Product(id=999, name=Product 999, price=10990.0, quantity=1009)
Product(id=1000, name=Product 1000, price=11000.0, quantity=1010)
Product(id=1001, name=Product 1001, price=11010.0, quantity=1011)
Product(id=1002, name=Product 1002, price=11020.0, quantity=1012)
Product(id=1003, name=Product 1003, price=11030.0, quantity=1013)
Product(id=1004, name=Product 1004, price=11040.0, quantity=1014)
Product(id=1005, name=Product 1005, price=11050.0, quantity=1015)
Product(id=1006, name=Product 1006, price=11060.0, quantity=1016)
Product(id=1007, name=Product 1007, price=11070.0, quantity=1017)
Product(id=1008, name=Product 1008, price=11080.0, quantity=1018)
Product(id=1009, name=Product 1009, price=11090.0, quantity=1019)
Product(id=1010, name=Product 1010, price=11100.0, quantity=1020)
Product(id=1011, name=Product 1011, price=11110.0, quantity=1021)
Product(id=1012, name=Product 1012, price=11120.0, quantity=1022)
Product(id=1013, name=Product 1013, price=11130.0, quantity=1023)
Product(id=1014, name=Product 1014, price=11140.0, quantity=1024)
Product(id=1015, name=Product 1015, price=11150.0, quantity=1025)
Product(id=1016, name=Product 1016, price=11160.0, quantity=1026)
Product(id=1017, name=Product 1017, price=11170.0, quantity=1027)
Product(id=1018, name=Product 1018, price=11180.0, quantity=1028)
Product(id=1019, name=Product 1019, price=11190.0, quantity=1029)
Product(id=1020, name=Product 1020, price=11200.0, quantity=1030)
Product(id=1021, name=Product 1021, price=11210.0, quantity=1031)
Product(id=1022, name=Product 1022, price=11220.0, quantity=1032)
Product(id=1023, name=Product 1023, price=11230.0, quantity=1033)
Product(id=1024, name=Product 1024, price=11240.0, quantity=1034)
Product(id=1025, name=Product 1025, price=11250.0, quantity=1035)
Product(id=1026, name=Product 1026, price=11260.0, quantity=1036)
Product(id=1027, name=Product 1027, price=11270.0, quantity=1037)
Product(id=1028, name=Product 1028, price=11280.0, quantity=1038)
Product(id=1029, name=Product 1029, price=11290.0, quantity=1039)
Product(id=1030, name=Product 1030, price=11300.0, quantity=1040)
Product(id=1031, name=Product 1031, price=11310.0, quantity=1041)
Product(id=1032, name=Product 1032, price=11320.0, quantity=1042)
Product(id=1033, name=Product 1033, price=11330.0, quantity=1043)
Product(id=1034, name=Product 1034, price=11340.0, quantity=1044)
Product(id=1035, name=Product 1035, price=11350.0, quantity=1045)
Product(id=1036, name=Product 1036, price=11360.0, quantity=1046)
Product(id=1037, name=Product 1037, price=11370.0, quantity=1047)
Product(id=1038, name=Product 1038, price=11380.0, quantity=1048)
Product(id=1039, name=Product 1039, price=11390.0, quantity=1049)
Product(id=1040, name=Product 1040, price=11400.0, quantity=1050)
Product(id=1041, name=Product 1041, price=11410.0, quantity=1051)
Product(id=1042, name=Product 1042, price=11420.0, quantity=1052)
Product(id=1043, name=Product 1043, price=11430.0, quantity=1053)
Product(id=1044, name=Product 1044, price=11440.0, quantity=1054)
Product(id=1045, name=Product 1045, price=11450.0, quantity=1055)
Product(id=1046, name=Product 1046, price=11460.0, quantity=1056)
Product(id=1047, name=Product 1047, price=11470.0, quantity=1057)
Product(id=1048, name=Product 1048, price=11480.0, quantity=1058)
Product(id=1049, name=Product 1049, price=11490.0, quantity=1059)
Product(id=1050, name=Product 1050, price=11500.0, quantity=1060)
Product(id=1051, name=Product 1051, price=11510.0, quantity=1061)
Product(id=1052, name=Product 1052, price=11520.0, quantity=1062)
Product(id=1053, name=Product 1053, price=11530.0, quantity=1063)
Product(id=1054, name=Product 1054, price=11540.0, quantity=1064)
Product(id=1055, name=Product 1055, price=11550.0, quantity=1065)
Product(id=1056, name=Product 1056, price=11560.0, quantity=1066)
Product(id=1057, name=Product 1057, price=11570.0, quantity=1067)
Product(id=1058, name=Product 1058, price=11580.0, quantity=1068)
Product(id=1059, name=Product 1059, price=11590.0, quantity=1069)
Product(id=1060, name=Product 1060, price=11600.0, quantity=1070)
Product(id=1061, name=Product 1061, price=11610.0, quantity=1071)
Product(id=1062, name=Product 1062, price=11620.0, quantity=1072)
Product(id=1063, name=Product 1063, price=11630.0, quantity=1073)
Product(id=1064, name=Product 1064, price=11640.0, quantity=1074)
Product(id=1065, name=Product 1065, price=11650.0, quantity=1075)
Product(id=1066, name=Product 1066, price=11660.0, quantity=1076)
Product(id=1067, name=Product 1067, price=11670.0, quantity=1077)
Product(id=1068, name=Product 1068, price=11680.0, quantity=1078)
Product(id=1069, name=Product 1069, price=11690.0, quantity=1079)
Product(id=1070, name=Product 1070, price=11700.0, quantity=1080)
Product(id=1071, name=Product 1071, price=11710.0, quantity=1081)
Product(id=1072, name=Product 1072, price=11720.0, quantity=1082)
Product(id=1073, name=Product 1073, price=11730.0, quantity=1083)
Product(id=1074, name=Product 1074, price=11740.0, quantity=1084)
Product(id=1075, name=Product 1075, price=11750.0, quantity=1085)
Product(id=1076, name=Product 1076, price=11760.0, quantity=1086)
Product(id=1077, name=Product 1077, price=11770.0, quantity=1087)
Product(id=1078, name=Product 1078, price=11780.0, quantity=1088)
Product(id=1079, name=Product 1079, price=11790.0, quantity=1089)
Product(id=1080, name=Product 1080, price=11800.0, quantity=1090)
Product(id=1081, name=Product 1081, price=11810.0, quantity=1091)
Product(id=1082, name=Product 1082, price=11820.0, quantity=1092)
Product(id=1083, name=Product 1083, price=11830.0, quantity=1093)
Product(id=1084, name=Product 1084, price=11840.0, quantity=1094)
Product(id=1085, name=Product 1085, price=11850.0, quantity=1095)
Product(id=1086, name=Product 1086, price=11860.0, quantity=1096)
Product(id=1087, name=Product 1087, price=11870.0, quantity=1097)
Product(id=1088, name=Product 1088, price=11880.0, quantity=1098)
Product(id=1089, name=Product 1089, price=11890.0, quantity=1099)
Product(id=1090, name=Product 1090, price=11900.0, quantity=1100)
Product(id=1091, name=Product 1091, price=11910.0, quantity=1101)
Product(id=1092, name=Product 1092, price=11920.0, quantity=1102)
Product(id=1093, name=Product 1093, price=11930.0, quantity=1103)
Product(id=1094, name=Product 1094, price=11940.0, quantity=1104)
Product(id=1095, name=Product 1095, price=11950.0, quantity=1105)
Product(id=1096, name=Product 1096, price=11960.0, quantity=1106)
Product(id=1097, name=Product 1097, price=11970.0, quantity=1107)
Product(id=1098, name=Product 1098, price=11980.0, quantity=1108)
Product(id=1099, name=Product 1099, price=11990.0, quantity=1109)
Product(id=1100, name=Product 1100, price=12000.0, quantity=1110)
Product(id=1101, name=Product 1101, price=12010.0, quantity=1111)
Product(id=1102, name=Product 1102, price=12020.0, quantity=1112)
Product(id=1103, name=Product 1103, price=12030.0, quantity=1113)
Product(id=1104, name=Product 1104, price=12040.0, quantity=1114)
Product(id=1105, name=Product 1105, price=12050.0, quantity=1115)
Product(id=1106, name=Product 1106, price=12060.0, quantity=1116)
Product(id=1107, name=Product 1107, price=12070.0, quantity=1117)
Product(id=1108, name=Product 1108, price=12080.0, quantity=1118)
Product(id=1109, name=Product 1109, price=12090.0, quantity=1119)
Product(id=1110, name=Product 1110, price=12100.0, quantity=1120)
Product(id=1111, name=Product 1111, price=12110.0, quantity=1121)
Product(id=1112, name=Product 1112, price=12120.0, quantity=1122)
Product(id=1113, name=Product 1113, price=12130.0, quantity=1123)
Product(id=1114, name=Product 1114, price=12140.0, quantity=1124)
Product(id=1115, name=Product 1115, price=12150.0, quantity=1125)
Product(id=1116, name=Product 1116, price=12160.0, quantity=1126)
Product(id=1117, name=Product 1117, price=12170.0, quantity=1127)
Product(id=1118, name=Product 1118, price=12180.0, quantity=1128)
Product(id=1119, name=Product 1119, price=12190.0, quantity=1129)
Product(id=1120, name=Product 1120, price=12200.0, quantity=1130)
Product(id=1121, name=Product 1121, price=12210.0, quantity=1131)
Product(id=1122, name=Product 1122, price=12220.0, quantity=1132)
Product(id=1123, name=Product 1123, price=12230.0, quantity=1133)
Product(id=1124, name=Product 1124, price=12240.0, quantity=1134)
Product(id=1125, name=Product 1125, price=12250.0, quantity=1135)
Product(id=1126, name=Product 1126, price=12260.0, quantity=1136)
Product(id=1127, name=Product 1127, price=12270.0, quantity=1137)
Product(id=1128, name=Product 1128, price=12280.0, quantity=1138)
Product(id=1129, name=Product 1129, price=12290.0, quantity=1139)
Product(id=1130, name=Product 1130, price=12300.0, quantity=1140)
Product(id=1131, name=Product 1131, price=12310.0, quantity=1141)
Product(id=1132, name=Product 1132, price=12320.0, quantity=1142)
Product(id=1133, name=Product 1133, price=12330.0, quantity=1143)
Product(id=1134, name=Product 1134, price=12340.0, quantity=1144)
Product(id=1135, name=Product 1135, price=12350.0, quantity=1145)
Product(id=1136, name=Product 1136, price=12360.0, quantity=1146)
Product(id=1137, name=Product 1137, price=12370.0, quantity=1147)
Product(id=1138, name=Product 1138, price=12380.0, quantity=1148)
Product(id=1139, name=Product 1139, price=12390.0, quantity=1149)
Product(id=1140, name=Product 1140, price=12400.0, quantity=1150)
Product(id=1141, name=Product 1141, price=12410.0, quantity=1151)
Product(id=1142, name=Product 1142, price=12420.0, quantity=1152)
Product(id=1143, name=Product 1143, price=12430.0, quantity=1153)
Product(id=1144, name=Product 1144, price=12440.0, quantity=1154)
Product(id=1145, name=Product 1145, price=12450.0, quantity=1155)
Product(id=1146, name=Product 1146, price=12460.0, quantity=1156)
Product(id=1147, name=Product 1147, price=12470.0, quantity=1157)
Product(id=1148, name=Product 1148, price=12480.0, quantity=1158)
Product(id=1149, name=Product 1149, price=12490.0, quantity=1159)
Product(id=1150, name=Product 1150, price=12500.0, quantity=1160)
Product(id=1151, name=Product 1151, price=12510.0, quantity=1161)
Product(id=1152, name=Product 1152, price=12520.0, quantity=1162)
Product(id=1153, name=Product 1153, price=12530.0, quantity=1163)
Product(id=1154, name=Product 1154, price=12540.0, quantity=1164)
Product(id=1155, name=Product 1155, price=12550.0, quantity=1165)
Product(id=1156, name=Product 1156, price=12560.0, quantity=1166)
Product(id=1157, name=Product 1157, price=12570.0, quantity=1167)
Product(id=1158, name=Product 1158, price=12580.0, quantity=1168)
Product(id=1159, name=Product 1159, price=12590.0, quantity=1169)
Product(id=1160, name=Product 1160, price=12600.0, quantity=1170)
Product(id=1161, name=Product 1161, price=12610.0, quantity=1171)
Product(id=1162, name=Product 1162, price=12620.0, quantity=1172)
Product(id=1163, name=Product 1163, price=12630.0, quantity=1173)
Product(id=1164, name=Product 1164, price=12640.0, quantity=1174)
Product(id=1165, name=Product 1165, price=12650.0, quantity=1175)
Product(id=1166, name=Product 1166, price=12660.0, quantity=1176)
Product(id=1167, name=Product 1167, price=12670.0, quantity=1177)
Product(id=1168, name=Product 1168, price=12680.0, quantity=1178)
Product(id=1169, name=Product 1169, price=12690.0, quantity=1179)
Product(id=1170, name=Product 1170, price=12700.0, quantity=1180)
Product(id=1171, name=Product 1171, price=12710.0, quantity=1181)
Product(id=1172, name=Product 1172, price=12720.0, quantity=1182)
Product(id=1173, name=Product 1173, price=12730.0, quantity=1183)
Product(id=1174, name=Product 1174, price=12740.0, quantity=1184)
Product(id=1175, name=Product 1175, price=12750.0, quantity=1185)
Product(id=1176, name=Product 1176, price=12760.0, quantity=1186)
Product(id=1177, name=Product 1177, price=12770.0, quantity=1187)
Product(id=1178, name=Product 1178, price=12780.0, quantity=1188)
Product(id=1179, name=Product 1179, price=12790.0, quantity=1189)
Product(id=1180, name=Product 1180, price=12800.0, quantity=1190)
Product(id=1181, name=Product 1181, price=12810.0, quantity=1191)
Product(id=1182, name=Product 1182, price=12820.0, quantity=1192)
Product(id=1183, name=Product 1183, price=12830.0, quantity=1193)
Product(id=1184, name=Product 1184, price=12840.0, quantity=1194)
Product(id=1185, name=Product 1185, price=12850.0, quantity=1195)
Product(id=1186, name=Product 1186, price=12860.0, quantity=1196)
Product(id=1187, name=Product 1187, price=12870.0, quantity=1197)
Product(id=1188, name=Product 1188, price=12880.0, quantity=1198)
Product(id=1189, name=Product 1189, price=12890.0, quantity=1199)
Product(id=1190, name=Product 1190, price=12900.0, quantity=1200)
Product(id=1191, name=Product 1191, price=12910.0, quantity=1201)
Product(id=1192, name=Product 1192, price=12920.0, quantity=1202)
Product(id=1193, name=Product 1193, price=12930.0, quantity=1203)
[...]
Product(id=9713, name=Product 9713, price=98130.0, quantity=9723)
Product(id=9714, name=Product 9714, price=98140.0, quantity=9724)
Product(id=9715, name=Product 9715, price=98150.0, quantity=9725)
Product(id=9716, name=Product 9716, price=98160.0, quantity=9726)
Product(id=9717, name=Product 9717, price=98170.0, quantity=9727)
Product(id=9718, name=Product 9718, price=98180.0, quantity=9728)
Product(id=9719, name=Product 9719, price=98190.0, quantity=9729)
Product(id=9720, name=Product 9720, price=98200.0, quantity=9730)
Product(id=9721, name=Product 9721, price=98210.0, quantity=9731)
Product(id=9722, name=Product 9722, price=98220.0, quantity=9732)
Product(id=9723, name=Product 9723, price=98230.0, quantity=9733)
Product(id=9724, name=Product 9724, price=98240.0, quantity=9734)
Product(id=9725, name=Product 9725, price=98250.0, quantity=9735)
Product(id=9726, name=Product 9726, price=98260.0, quantity=9736)
Product(id=9727, name=Product 9727, price=98270.0, quantity=9737)
Product(id=9728, name=Product 9728, price=98280.0, quantity=9738)
Product(id=9729, name=Product 9729, price=98290.0, quantity=9739)
Product(id=9730, name=Product 9730, price=98300.0, quantity=9740)
Product(id=9731, name=Product 9731, price=98310.0, quantity=9741)
Product(id=9732, name=Product 9732, price=98320.0, quantity=9742)
Product(id=9733, name=Product 9733, price=98330.0, quantity=9743)
Product(id=9734, name=Product 9734, price=98340.0, quantity=9744)
Product(id=9735, name=Product 9735, price=98350.0, quantity=9745)
Product(id=9736, name=Product 9736, price=98360.0, quantity=9746)
Product(id=9737, name=Product 9737, price=98370.0, quantity=9747)
Product(id=9738, name=Product 9738, price=98380.0, quantity=9748)
Product(id=9739, name=Product 9739, price=98390.0, quantity=9749)
Product(id=9740, name=Product 9740, price=98400.0, quantity=9750)
Product(id=9741, name=Product 9741, price=98410.0, quantity=9751)
Product(id=9742, name=Product 9742, price=98420.0, quantity=9752)
Product(id=9743, name=Product 9743, price=98430.0, quantity=9753)
Product(id=9744, name=Product 9744, price=98440.0, quantity=9754)
Product(id=9745, name=Product 9745, price=98450.0, quantity=9755)
Product(id=9746, name=Product 9746, price=98460.0, quantity=9756)
Product(id=9747, name=Product 9747, price=98470.0, quantity=9757)
Product(id=9748, name=Product 9748, price=98480.0, quantity=9758)
Product(id=9749, name=Product 9749, price=98490.0, quantity=9759)
Product(id=9750, name=Product 9750, price=98500.0, quantity=9760)
Product(id=9751, name=Product 9751, price=98510.0, quantity=9761)
Product(id=9752, name=Product 9752, price=98520.0, quantity=9762)
Product(id=9753, name=Product 9753, price=98530.0, quantity=9763)
Product(id=9754, name=Product 9754, price=98540.0, quantity=9764)
Product(id=9755, name=Product 9755, price=98550.0, quantity=9765)
Product(id=9756, name=Product 9756, price=98560.0, quantity=9766)
Product(id=9757, name=Product 9757, price=98570.0, quantity=9767)
Product(id=9758, name=Product 9758, price=98580.0, quantity=9768)
Product(id=9759, name=Product 9759, price=98590.0, quantity=9769)
Product(id=9760, name=Product 9760, price=98600.0, quantity=9770)
Product(id=9761, name=Product 9761, price=98610.0, quantity=9771)
Product(id=9762, name=Product 9762, price=98620.0, quantity=9772)
Product(id=9763, name=Product 9763, price=98630.0, quantity=9773)
Product(id=9764, name=Product 9764, price=98640.0, quantity=9774)
Product(id=9765, name=Product 9765, price=98650.0, quantity=9775)
Product(id=9766, name=Product 9766, price=98660.0, quantity=9776)
Product(id=9767, name=Product 9767, price=98670.0, quantity=9777)
Product(id=9768, name=Product 9768, price=98680.0, quantity=9778)
Product(id=9769, name=Product 9769, price=98690.0, quantity=9779)
Product(id=9770, name=Product 9770, price=98700.0, quantity=9780)
Product(id=9771, name=Product 9771, price=98710.0, quantity=9781)
Product(id=9772, name=Product 9772, price=98720.0, quantity=9782)
Product(id=9773, name=Product 9773, price=98730.0, quantity=9783)
Product(id=9774, name=Product 9774, price=98740.0, quantity=9784)
Product(id=9775, name=Product 9775, price=98750.0, quantity=9785)
Product(id=9776, name=Product 9776, price=98760.0, quantity=9786)
Product(id=9777, name=Product 9777, price=98770.0, quantity=9787)
Product(id=9778, name=Product 9778, price=98780.0, quantity=9788)
Product(id=9779, name=Product 9779, price=98790.0, quantity=9789)
Product(id=9780, name=Product 9780, price=98800.0, quantity=9790)
Product(id=9781, name=Product 9781, price=98810.0, quantity=9791)
Product(id=9782, name=Product 9782, price=98820.0, quantity=9792)
Product(id=9783, name=Product 9783, price=98830.0, quantity=9793)
Product(id=9784, name=Product 9784, price=98840.0, quantity=9794)
Product(id=9785, name=Product 9785, price=98850.0, quantity=9795)
Product(id=9786, name=Product 9786, price=98860.0, quantity=9796)
Product(id=9787, name=Product 9787, price=98870.0, quantity=9797)
Product(id=9788, name=Product 9788, price=98880.0, quantity=9798)
Product(id=9789, name=Product 9789, price=98890.0, quantity=9799)
Product(id=9790, name=Product 9790, price=98900.0, quantity=9800)
Product(id=9791, name=Product 9791, price=98910.0, quantity=9801)
Product(id=9792, name=Product 9792, price=98920.0, quantity=9802)
Product(id=9793, name=Product 9793, price=98930.0, quantity=9803)
Product(id=9794, name=Product 9794, price=98940.0, quantity=9804)
Product(id=9795, name=Product 9795, price=98950.0, quantity=9805)
Product(id=9796, name=Product 9796, price=98960.0, quantity=9806)
Product(id=9797, name=Product 9797, price=98970.0, quantity=9807)
Product(id=9798, name=Product 9798, price=98980.0, quantity=9808)
Product(id=9799, name=Product 9799, price=98990.0, quantity=9809)
Product(id=9800, name=Product 9800, price=99000.0, quantity=9810)
Product(id=9801, name=Product 9801, price=99010.0, quantity=9811)
Product(id=9802, name=Product 9802, price=99020.0, quantity=9812)
Product(id=9803, name=Product 9803, price=99030.0, quantity=9813)
Product(id=9804, name=Product 9804, price=99040.0, quantity=9814)
Product(id=9805, name=Product 9805, price=99050.0, quantity=9815)
Product(id=9806, name=Product 9806, price=99060.0, quantity=9816)
Product(id=9807, name=Product 9807, price=99070.0, quantity=9817)
Product(id=9808, name=Product 9808, price=99080.0, quantity=9818)
Product(id=9809, name=Product 9809, price=99090.0, quantity=9819)
Product(id=9810, name=Product 9810, price=99100.0, quantity=9820)
Product(id=9811, name=Product 9811, price=99110.0, quantity=9821)
Product(id=9812, name=Product 9812, price=99120.0, quantity=9822)
Product(id=9813, name=Product 9813, price=99130.0, quantity=9823)
Product(id=9814, name=Product 9814, price=99140.0, quantity=9824)
Product(id=9815, name=Product 9815, price=99150.0, quantity=9825)
Product(id=9816, name=Product 9816, price=99160.0, quantity=9826)
Product(id=9817, name=Product 9817, price=99170.0, quantity=9827)
Product(id=9818, name=Product 9818, price=99180.0, quantity=9828)
Product(id=9819, name=Product 9819, price=99190.0, quantity=9829)
Product(id=9820, name=Product 9820, price=99200.0, quantity=9830)
Product(id=9821, name=Product 9821, price=99210.0, quantity=9831)
Product(id=9822, name=Product 9822, price=99220.0, quantity=9832)
Product(id=9823, name=Product 9823, price=99230.0, quantity=9833)
Product(id=9824, name=Product 9824, price=99240.0, quantity=9834)
Product(id=9825, name=Product 9825, price=99250.0, quantity=9835)
Product(id=9826, name=Product 9826, price=99260.0, quantity=9836)
Product(id=9827, name=Product 9827, price=99270.0, quantity=9837)
Product(id=9828, name=Product 9828, price=99280.0, quantity=9838)
Product(id=9829, name=Product 9829, price=99290.0, quantity=9839)
Product(id=9830, name=Product 9830, price=99300.0, quantity=9840)
Product(id=9831, name=Product 9831, price=99310.0, quantity=9841)
Product(id=9832, name=Product 9832, price=99320.0, quantity=9842)
Product(id=9833, name=Product 9833, price=99330.0, quantity=9843)
Product(id=9834, name=Product 9834, price=99340.0, quantity=9844)
Product(id=9835, name=Product 9835, price=99350.0, quantity=9845)
Product(id=9836, name=Product 9836, price=99360.0, quantity=9846)
Product(id=9837, name=Product 9837, price=99370.0, quantity=9847)
Product(id=9838, name=Product 9838, price=99380.0, quantity=9848)
Product(id=9839, name=Product 9839, price=99390.0, quantity=9849)
Product(id=9840, name=Product 9840, price=99400.0, quantity=9850)
Product(id=9841, name=Product 9841, price=99410.0, quantity=9851)
Product(id=9842, name=Product 9842, price=99420.0, quantity=9852)
Product(id=9843, name=Product 9843, price=99430.0, quantity=9853)
Product(id=9844, name=Product 9844, price=99440.0, quantity=9854)
Product(id=9845, name=Product 9845, price=99450.0, quantity=9855)
Product(id=9846, name=Product 9846, price=99460.0, quantity=9856)
Product(id=9847, name=Product 9847, price=99470.0, quantity=9857)
Product(id=9848, name=Product 9848, price=99480.0, quantity=9858)
Product(id=9849, name=Product 9849, price=99490.0, quantity=9859)
Product(id=9850, name=Product 9850, price=99500.0, quantity=9860)
Product(id=9851, name=Product 9851, price=99510.0, quantity=9861)
Product(id=9852, name=Product 9852, price=99520.0, quantity=9862)
Product(id=9853, name=Product 9853, price=99530.0, quantity=9863)
Product(id=9854, name=Product 9854, price=99540.0, quantity=9864)
Product(id=9855, name=Product 9855, price=99550.0, quantity=9865)
Product(id=9856, name=Product 9856, price=99560.0, quantity=9866)
Product(id=9857, name=Product 9857, price=99570.0, quantity=9867)
Product(id=9858, name=Product 9858, price=99580.0, quantity=9868)
Product(id=9859, name=Product 9859, price=99590.0, quantity=9869)
Product(id=9860, name=Product 9860, price=99600.0, quantity=9870)
Product(id=9861, name=Product 9861, price=99610.0, quantity=9871)
Product(id=9862, name=Product 9862, price=99620.0, quantity=9872)
Product(id=9863, name=Product 9863, price=99630.0, quantity=9873)
Product(id=9864, name=Product 9864, price=99640.0, quantity=9874)
Product(id=9865, name=Product 9865, price=99650.0, quantity=9875)
Product(id=9866, name=Product 9866, price=99660.0, quantity=9876)
Product(id=9867, name=Product 9867, price=99670.0, quantity=9877)
Product(id=9868, name=Product 9868, price=99680.0, quantity=9878)
Product(id=9869, name=Product 9869, price=99690.0, quantity=9879)
Product(id=9870, name=Product 9870, price=99700.0, quantity=9880)
Product(id=9871, name=Product 9871, price=99710.0, quantity=9881)
Product(id=9872, name=Product 9872, price=99720.0, quantity=9882)
Product(id=9873, name=Product 9873, price=99730.0, quantity=9883)
Product(id=9874, name=Product 9874, price=99740.0, quantity=9884)
Product(id=9875, name=Product 9875, price=99750.0, quantity=9885)
Product(id=9876, name=Product 9876, price=99760.0, quantity=9886)
Product(id=9877, name=Product 9877, price=99770.0, quantity=9887)
Product(id=9878, name=Product 9878, price=99780.0, quantity=9888)
Product(id=9879, name=Product 9879, price=99790.0, quantity=9889)
Product(id=9880, name=Product 9880, price=99800.0, quantity=9890)
Product(id=9881, name=Product 9881, price=99810.0, quantity=9891)
Product(id=9882, name=Product 9882, price=99820.0, quantity=9892)
Product(id=9883, name=Product 9883, price=99830.0, quantity=9893)
Product(id=9884, name=Product 9884, price=99840.0, quantity=9894)
Product(id=9885, name=Product 9885, price=99850.0, quantity=9895)
Product(id=9886, name=Product 9886, price=99860.0, quantity=9896)
Product(id=9887, name=Product 9887, price=99870.0, quantity=9897)
Product(id=9888, name=Product 9888, price=99880.0, quantity=9898)
Product(id=9889, name=Product 9889, price=99890.0, quantity=9899)
Product(id=9890, name=Product 9890, price=99900.0, quantity=9900)
Product(id=9891, name=Product 9891, price=99910.0, quantity=9901)
Product(id=9892, name=Product 9892, price=99920.0, quantity=9902)
Product(id=9893, name=Product 9893, price=99930.0, quantity=9903)
Product(id=9894, name=Product 9894, price=99940.0, quantity=9904)
Product(id=9895, name=Product 9895, price=99950.0, quantity=9905)
Product(id=9896, name=Product 9896, price=99960.0, quantity=9906)
Product(id=9897, name=Product 9897, price=99970.0, quantity=9907)
Product(id=9898, name=Product 9898, price=99980.0, quantity=9908)
Product(id=9899, name=Product 9899, price=99990.0, quantity=9909)
Product(id=9900, name=Product 9900, price=100000.0, quantity=9910)
Product(id=9901, name=Product 9901, price=100010.0, quantity=9911)
Product(id=9902, name=Product 9902, price=100020.0, quantity=9912)
Product(id=9903, name=Product 9903, price=100030.0, quantity=9913)
Product(id=9904, name=Product 9904, price=100040.0, quantity=9914)
Product(id=9905, name=Product 9905, price=100050.0, quantity=9915)
Product(id=9906, name=Product 9906, price=100060.0, quantity=9916)
Product(id=9907, name=Product 9907, price=100070.0, quantity=9917)
Product(id=9908, name=Product 9908, price=100080.0, quantity=9918)
Product(id=9909, name=Product 9909, price=100090.0, quantity=9919)
Product(id=9910, name=Product 9910, price=100100.0, quantity=9920)
Product(id=9911, name=Product 9911, price=100110.0, quantity=9921)
Product(id=9912, name=Product 9912, price=100120.0, quantity=9922)
Product(id=9913, name=Product 9913, price=100130.0, quantity=9923)
Product(id=9914, name=Product 9914, price=100140.0, quantity=9924)
Product(id=9915, name=Product 9915, price=100150.0, quantity=9925)
Product(id=9916, name=Product 9916, price=100160.0, quantity=9926)
Product(id=9917, name=Product 9917, price=100170.0, quantity=9927)
Product(id=9918, name=Product 9918, price=100180.0, quantity=9928)
Product(id=9919, name=Product 9919, price=100190.0, quantity=9929)
Product(id=9920, name=Product 9920, price=100200.0, quantity=9930)
Product(id=9921, name=Product 9921, price=100210.0, quantity=9931)
Product(id=9922, name=Product 9922, price=100220.0, quantity=9932)
Product(id=9923, name=Product 9923, price=100230.0, quantity=9933)
Product(id=9924, name=Product 9924, price=100240.0, quantity=9934)
Product(id=9925, name=Product 9925, price=100250.0, quantity=9935)
Product(id=9926, name=Product 9926, price=100260.0, quantity=9936)
Product(id=9927, name=Product 9927, price=100270.0, quantity=9937)
Product(id=9928, name=Product 9928, price=100280.0, quantity=9938)
Product(id=9929, name=Product 9929, price=100290.0, quantity=9939)
Product(id=9930, name=Product 9930, price=100300.0, quantity=9940)
Product(id=9931, name=Product 9931, price=100310.0, quantity=9941)
Product(id=9932, name=Product 9932, price=100320.0, quantity=9942)
Product(id=9933, name=Product 9933, price=100330.0, quantity=9943)
Product(id=9934, name=Product 9934, price=100340.0, quantity=9944)
Product(id=9935, name=Product 9935, price=100350.0, quantity=9945)
Product(id=9936, name=Product 9936, price=100360.0, quantity=9946)
Product(id=9937, name=Product 9937, price=100370.0, quantity=9947)
Product(id=9938, name=Product 9938, price=100380.0, quantity=9948)
Product(id=9939, name=Product 9939, price=100390.0, quantity=9949)
Product(id=9940, name=Product 9940, price=100400.0, quantity=9950)
Product(id=9941, name=Product 9941, price=100410.0, quantity=9951)
Product(id=9942, name=Product 9942, price=100420.0, quantity=9952)
Product(id=9943, name=Product 9943, price=100430.0, quantity=9953)
Product(id=9944, name=Product 9944, price=100440.0, quantity=9954)
Product(id=9945, name=Product 9945, price=100450.0, quantity=9955)
Product(id=9946, name=Product 9946, price=100460.0, quantity=9956)
Product(id=9947, name=Product 9947, price=100470.0, quantity=9957)
Product(id=9948, name=Product 9948, price=100480.0, quantity=9958)
Product(id=9949, name=Product 9949, price=100490.0, quantity=9959)
Product(id=9950, name=Product 9950, price=100500.0, quantity=9960)
Product(id=9951, name=Product 9951, price=100510.0, quantity=9961)
Product(id=9952, name=Product 9952, price=100520.0, quantity=9962)
Product(id=9953, name=Product 9953, price=100530.0, quantity=9963)
Product(id=9954, name=Product 9954, price=100540.0, quantity=9964)
Product(id=9955, name=Product 9955, price=100550.0, quantity=9965)
Product(id=9956, name=Product 9956, price=100560.0, quantity=9966)
Product(id=9957, name=Product 9957, price=100570.0, quantity=9967)
Product(id=9958, name=Product 9958, price=100580.0, quantity=9968)
Product(id=9959, name=Product 9959, price=100590.0, quantity=9969)
Product(id=9960, name=Product 9960, price=100600.0, quantity=9970)
Product(id=9961, name=Product 9961, price=100610.0, quantity=9971)
Product(id=9962, name=Product 9962, price=100620.0, quantity=9972)
Product(id=9963, name=Product 9963, price=100630.0, quantity=9973)
Product(id=9964, name=Product 9964, price=100640.0, quantity=9974)
Product(id=9965, name=Product 9965, price=100650.0, quantity=9975)
Product(id=9966, name=Product 9966, price=100660.0, quantity=9976)
Product(id=9967, name=Product 9967, price=100670.0, quantity=9977)
Product(id=9968, name=Product 9968, price=100680.0, quantity=9978)
Product(id=9969, name=Product 9969, price=100690.0, quantity=9979)
Product(id=9970, name=Product 9970, price=100700.0, quantity=9980)
Product(id=9971, name=Product 9971, price=100710.0, quantity=9981)
Product(id=9972, name=Product 9972, price=100720.0, quantity=9982)
Product(id=9973, name=Product 9973, price=100730.0, quantity=9983)
Product(id=9974, name=Product 9974, price=100740.0, quantity=9984)
Product(id=9975, name=Product 9975, price=100750.0, quantity=9985)
Product(id=9976, name=Product 9976, price=100760.0, quantity=9986)
Product(id=9977, name=Product 9977, price=100770.0, quantity=9987)
Product(id=9978, name=Product 9978, price=100780.0, quantity=9988)
Product(id=9979, name=Product 9979, price=100790.0, quantity=9989)
Product(id=9980, name=Product 9980, price=100800.0, quantity=9990)
Product(id=9981, name=Product 9981, price=100810.0, quantity=9991)
Product(id=9982, name=Product 9982, price=100820.0, quantity=9992)
Product(id=9983, name=Product 9983, price=100830.0, quantity=9993)
Product(id=9984, name=Product 9984, price=100840.0, quantity=9994)
Product(id=9985, name=Product 9985, price=100850.0, quantity=9995)
Product(id=9986, name=Product 9986, price=100860.0, quantity=9996)
Product(id=9987, name=Product 9987, price=100870.0, quantity=9997)
Product(id=9988, name=Product 9988, price=100880.0, quantity=9998)
Product(id=9989, name=Product 9989, price=100890.0, quantity=9999)
Product(id=9990, name=Product 9990, price=100900.0, quantity=10000)
Product(id=9991, name=Product 9991, price=100910.0, quantity=10001)
Product(id=9992, name=Product 9992, price=100920.0, quantity=10002)
Product(id=9993, name=Product 9993, price=100930.0, quantity=10003)
Product(id=9994, name=Product 9994, price=100940.0, quantity=10004)
Product(id=9995, name=Product 9995, price=100950.0, quantity=10005)
Product(id=9996, name=Product 9996, price=100960.0, quantity=10006)
Product(id=9997, name=Product 9997, price=100970.0, quantity=10007)
Product(id=9998, name=Product 9998, price=100980.0, quantity=10008)
Product(id=9999, name=Product 9999, price=100990.0, quantity=10009)
Product(id=10000, name=Product 10000, price=101000.0, quantity=10010)
]]></system-out>
    <system-err><![CDATA[Mockito is currently self-attaching to enable the inline-mock-maker. This will no longer work in future releases of the JDK. Please add Mockito as an agent to your build what is described in Mockito's documentation: https://javadoc.io/doc/org.mockito/mockito-core/latest/org/mockito/Mockito.html#0.3
WARNING: A Java agent has been loaded dynamically (/home/salem/.m2/repository/net/bytebuddy/byte-buddy-agent/1.15.11/byte-buddy-agent-1.15.11.jar)
WARNING: If a serviceability tool is in use, please run with -XX:+EnableDynamicAgentLoading to hide this warning
WARNING: If a serviceability tool is not in use, please run with -Djdk.instrument.traceUsage for more information
WARNING: Dynamic loading of agents will be disallowed by default in a future release
]]></system-err>
  </testcase>
</testsuite>